Using pre-set license
Built from '2022.3/staging' branch; Version is '2022.3.11f1 (d00248457e15) revision 13632072'; Using compiler version '192829333'; Build Type 'Release'
OS: 'Windows 10  (10.0.19045) 64bit Professional' Language: 'en' Physical Memory: 8089 MB
BatchMode: 1, IsHumanControllingUs: 0, StartBugReporterOnCrash: 0, Is64bit: 1, IsPro: 1

COMMAND LINE ARGUMENTS:
E:\Unity Editers\2022.3.11f1\Editor\Unity.exe
-adb2
-batchMode
-noUpm
-name
AssetImportWorker3
-projectPath
E:/flutter projects/admin new/Slash-Fruit
-logFile
Logs/AssetImportWorker3.log
-srvPort
<<<<<<< Updated upstream
49972
Successfully changed project path to: E:/flutter projects/admin new/Slash-Fruit
E:/flutter projects/admin new/Slash-Fruit
=======
57805
Successfully changed project path to: E:/New Git App Gamers/Slash-Fruit
E:/New Git App Gamers/Slash-Fruit
>>>>>>> Stashed changes
[UnityMemory] Configuration Parameters - Can be set up in boot.config
    "memorysetup-bucket-allocator-granularity=16"
    "memorysetup-bucket-allocator-bucket-count=8"
    "memorysetup-bucket-allocator-block-size=33554432"
    "memorysetup-bucket-allocator-block-count=8"
    "memorysetup-main-allocator-block-size=16777216"
    "memorysetup-thread-allocator-block-size=16777216"
    "memorysetup-gfx-main-allocator-block-size=16777216"
    "memorysetup-gfx-thread-allocator-block-size=16777216"
    "memorysetup-cache-allocator-block-size=4194304"
    "memorysetup-typetree-allocator-block-size=2097152"
    "memorysetup-profiler-bucket-allocator-granularity=16"
    "memorysetup-profiler-bucket-allocator-bucket-count=8"
    "memorysetup-profiler-bucket-allocator-block-size=33554432"
    "memorysetup-profiler-bucket-allocator-block-count=8"
    "memorysetup-profiler-allocator-block-size=16777216"
    "memorysetup-profiler-editor-allocator-block-size=1048576"
    "memorysetup-temp-allocator-size-main=16777216"
    "memorysetup-job-temp-allocator-block-size=2097152"
    "memorysetup-job-temp-allocator-block-size-background=1048576"
    "memorysetup-job-temp-allocator-reduction-small-platforms=262144"
    "memorysetup-allocator-temp-initial-block-size-main=262144"
    "memorysetup-allocator-temp-initial-block-size-worker=262144"
    "memorysetup-temp-allocator-size-background-worker=32768"
    "memorysetup-temp-allocator-size-job-worker=262144"
    "memorysetup-temp-allocator-size-preload-manager=33554432"
    "memorysetup-temp-allocator-size-nav-mesh-worker=65536"
    "memorysetup-temp-allocator-size-audio-worker=65536"
    "memorysetup-temp-allocator-size-cloud-worker=32768"
    "memorysetup-temp-allocator-size-gi-baking-worker=262144"
    "memorysetup-temp-allocator-size-gfx=262144"
<<<<<<< Updated upstream
Player connection [1872] Host "[IP] 192.168.29.96 [Port] 0 [Flags] 2 [Guid] 3587716945 [EditorId] 3587716945 [Version] 1048832 [Id] WindowsEditor(7,DESKTOP-TNN1O7L) [Debug] 1 [PackageName] WindowsEditor [ProjectName] Editor" joined multi-casting on [225.0.0.222:54997]...

Player connection [1872] Host "[IP] 192.168.29.96 [Port] 0 [Flags] 2 [Guid] 3587716945 [EditorId] 3587716945 [Version] 1048832 [Id] WindowsEditor(7,DESKTOP-TNN1O7L) [Debug] 1 [PackageName] WindowsEditor [ProjectName] Editor" joined alternative multi-casting on [225.0.0.222:34997]...

[Physics::Module] Initialized MultithreadedJobDispatcher with 3 workers.
Refreshing native plugins compatible for Editor in 177.37 ms, found 4 plugins.
=======
Player connection [33716] Host "[IP] 172.26.240.1 [Port] 0 [Flags] 2 [Guid] 1373875003 [EditorId] 1373875003 [Version] 1048832 [Id] WindowsEditor(7,DSR) [Debug] 1 [PackageName] WindowsEditor [ProjectName] Editor" joined multi-casting on [225.0.0.222:54997]...

Player connection [33716] Host "[IP] 172.26.240.1 [Port] 0 [Flags] 2 [Guid] 1373875003 [EditorId] 1373875003 [Version] 1048832 [Id] WindowsEditor(7,DSR) [Debug] 1 [PackageName] WindowsEditor [ProjectName] Editor" joined alternative multi-casting on [225.0.0.222:34997]...

[Physics::Module] Initialized MultithreadedJobDispatcher with 15 workers.
Refreshing native plugins compatible for Editor in 15.90 ms, found 4 plugins.
>>>>>>> Stashed changes
Preloading 0 native plugins for Editor in 0.00 ms.
Initialize engine version: 2022.3.11f1 (d00248457e15)
[Subsystems] Discovering subsystems at path E:/Unity Editers/2022.3.11f1/Editor/Data/Resources/UnitySubsystems
[Subsystems] Discovering subsystems at path E:/flutter projects/admin new/Slash-Fruit/Assets
GfxDevice: creating device client; threaded=0; jobified=0
Direct3D:
    Version:  Direct3D 11.0 [level 11.1]
    Renderer: AMD Radeon HD 8750M (ID=0x6601)
    Vendor:   ATI
    VRAM:     1004 MB
    Driver:   27.20.20904.1004
Shader 'Custom/WaterFillEffect': fallback shader 'Transparent' not found
Initialize mono
<<<<<<< Updated upstream
Mono path[0] = 'E:/Unity Editers/2022.3.11f1/Editor/Data/Managed'
Mono path[1] = 'E:/Unity Editers/2022.3.11f1/Editor/Data/MonoBleedingEdge/lib/mono/unityjit-win32'
Mono config path = 'E:/Unity Editers/2022.3.11f1/Editor/Data/MonoBleedingEdge/etc'
Using monoOptions --debugger-agent=transport=dt_socket,embedding=1,server=y,suspend=n,address=127.0.0.1:56220
Begin MonoManager ReloadAssembly
Registering precompiled unity dll's ...
Register platform support module: E:/Unity Editers/2022.3.11f1/Editor/Data/PlaybackEngines/WebGLSupport/UnityEditor.WebGL.Extensions.dll
Register platform support module: E:/Unity Editers/2022.3.11f1/Editor/Data/PlaybackEngines/AndroidPlayer/UnityEditor.Android.Extensions.dll
Register platform support module: E:/Unity Editers/2022.3.11f1/Editor/Data/PlaybackEngines/WindowsStandaloneSupport/UnityEditor.WindowsStandalone.Extensions.dll
Registered in 0.015908 seconds.
- Loaded All Assemblies, in  2.160 seconds
=======
Mono path[0] = 'E:/PROGRAM_SETUP_WINDOWS/UNITY_EDITERS/2022.3.11f1/Editor/Data/Managed'
Mono path[1] = 'E:/PROGRAM_SETUP_WINDOWS/UNITY_EDITERS/2022.3.11f1/Editor/Data/MonoBleedingEdge/lib/mono/unityjit-win32'
Mono config path = 'E:/PROGRAM_SETUP_WINDOWS/UNITY_EDITERS/2022.3.11f1/Editor/Data/MonoBleedingEdge/etc'
Using monoOptions --debugger-agent=transport=dt_socket,embedding=1,server=y,suspend=n,address=127.0.0.1:56504
Begin MonoManager ReloadAssembly
Registering precompiled unity dll's ...
Register platform support module: E:/PROGRAM_SETUP_WINDOWS/UNITY_EDITERS/2022.3.11f1/Editor/Data/PlaybackEngines/WebGLSupport/UnityEditor.WebGL.Extensions.dll
Register platform support module: E:/PROGRAM_SETUP_WINDOWS/UNITY_EDITERS/2022.3.11f1/Editor/Data/PlaybackEngines/AndroidPlayer/UnityEditor.Android.Extensions.dll
Register platform support module: E:/PROGRAM_SETUP_WINDOWS/UNITY_EDITERS/2022.3.11f1/Editor/Data/PlaybackEngines/iOSSupport/UnityEditor.iOS.Extensions.dll
Register platform support module: E:/PROGRAM_SETUP_WINDOWS/UNITY_EDITERS/2022.3.11f1/Editor/Data/PlaybackEngines/WindowsStandaloneSupport/UnityEditor.WindowsStandalone.Extensions.dll
Registered in 0.006306 seconds.
- Loaded All Assemblies, in  0.459 seconds
>>>>>>> Stashed changes
Native extension for WindowsStandalone target not found
Native extension for Android target not found
<<<<<<< Updated upstream
Android Extension - Scanning For ADB Devices 704 ms
Native extension for WebGL target not found
Mono: successfully reloaded assembly
- Finished resetting the current domain, in  1.174 seconds
Domain Reload Profiling: 3333ms
	BeginReloadAssembly (283ms)
=======
Android Extension - Scanning For ADB Devices 1307 ms
Native extension for WebGL target not found
Mono: successfully reloaded assembly
- Finished resetting the current domain, in  1.639 seconds
Domain Reload Profiling: 2097ms
	BeginReloadAssembly (169ms)
>>>>>>> Stashed changes
		ExecutionOrderSort (0ms)
		DisableScriptedObjects (0ms)
		BackupInstance (0ms)
		ReleaseScriptingObjects (0ms)
		CreateAndSetChildDomain (1ms)
<<<<<<< Updated upstream
	RebuildCommonClasses (252ms)
	RebuildNativeTypeToScriptingClass (18ms)
	initialDomainReloadingComplete (83ms)
	LoadAllAssembliesAndSetupDomain (1523ms)
		LoadAssemblies (284ms)
		RebuildTransferFunctionScriptingTraits (0ms)
		AnalyzeDomain (1519ms)
			TypeCache.Refresh (1517ms)
				TypeCache.ScanAssembly (1496ms)
			ScanForSourceGeneratedMonoScriptInfo (1ms)
			ResolveRequiredComponents (1ms)
	FinalizeReload (1175ms)
		ReleaseScriptCaches (0ms)
		RebuildScriptCaches (0ms)
		SetupLoadedEditorAssemblies (1096ms)
			LogAssemblyErrors (0ms)
			InitializePlatformSupportModulesInManaged (872ms)
			SetLoadedEditorAssemblies (5ms)
			RefreshPlugins (0ms)
			BeforeProcessingInitializeOnLoad (4ms)
			ProcessInitializeOnLoadAttributes (140ms)
			ProcessInitializeOnLoadMethodAttributes (74ms)
=======
	RebuildCommonClasses (37ms)
	RebuildNativeTypeToScriptingClass (11ms)
	initialDomainReloadingComplete (59ms)
	LoadAllAssembliesAndSetupDomain (182ms)
		LoadAssemblies (171ms)
		RebuildTransferFunctionScriptingTraits (0ms)
		AnalyzeDomain (177ms)
			TypeCache.Refresh (175ms)
				TypeCache.ScanAssembly (159ms)
			ScanForSourceGeneratedMonoScriptInfo (1ms)
			ResolveRequiredComponents (0ms)
	FinalizeReload (1639ms)
		ReleaseScriptCaches (0ms)
		RebuildScriptCaches (0ms)
		SetupLoadedEditorAssemblies (1575ms)
			LogAssemblyErrors (0ms)
			InitializePlatformSupportModulesInManaged (1436ms)
			SetLoadedEditorAssemblies (3ms)
			RefreshPlugins (0ms)
			BeforeProcessingInitializeOnLoad (2ms)
			ProcessInitializeOnLoadAttributes (90ms)
			ProcessInitializeOnLoadMethodAttributes (44ms)
>>>>>>> Stashed changes
			AfterProcessingInitializeOnLoad (0ms)
			EditorAssembliesLoaded (0ms)
		ExecutionOrderSort2 (0ms)
		AwakeInstancesAfterBackupRestoration (0ms)
========================================================================
Worker process is ready to serve import requests
Begin MonoManager ReloadAssembly
<<<<<<< Updated upstream
- Loaded All Assemblies, in  1.752 seconds
Refreshing native plugins compatible for Editor in 7.46 ms, found 4 plugins.
=======
- Loaded All Assemblies, in  0.974 seconds
Refreshing native plugins compatible for Editor in 6.34 ms, found 4 plugins.
>>>>>>> Stashed changes
Native extension for WindowsStandalone target not found
Native extension for Android target not found
Native extension for WebGL target not found
Package Manager log level set to [2]
[Package Manager] Server::EnsureServerProcessIsRunning -- launch failed, reason: Unity was launched with the -noUpm command-line argument
[Package Manager] UpmClient::Send -- Unable to send message (not connected to UPM process).
[Package Manager] Cannot connect to Unity Package Manager local server
Mono: successfully reloaded assembly
<<<<<<< Updated upstream
- Finished resetting the current domain, in  1.352 seconds
Domain Reload Profiling: 3103ms
	BeginReloadAssembly (306ms)
=======
- Finished resetting the current domain, in  0.722 seconds
Domain Reload Profiling: 1696ms
	BeginReloadAssembly (210ms)
>>>>>>> Stashed changes
		ExecutionOrderSort (0ms)
		DisableScriptedObjects (7ms)
		BackupInstance (0ms)
		ReleaseScriptingObjects (0ms)
<<<<<<< Updated upstream
		CreateAndSetChildDomain (33ms)
	RebuildCommonClasses (57ms)
	RebuildNativeTypeToScriptingClass (23ms)
	initialDomainReloadingComplete (73ms)
	LoadAllAssembliesAndSetupDomain (1290ms)
		LoadAssemblies (920ms)
		RebuildTransferFunctionScriptingTraits (0ms)
		AnalyzeDomain (586ms)
			TypeCache.Refresh (513ms)
				TypeCache.ScanAssembly (403ms)
			ScanForSourceGeneratedMonoScriptInfo (59ms)
			ResolveRequiredComponents (12ms)
	FinalizeReload (1353ms)
		ReleaseScriptCaches (0ms)
		RebuildScriptCaches (0ms)
		SetupLoadedEditorAssemblies (1008ms)
			LogAssemblyErrors (0ms)
			InitializePlatformSupportModulesInManaged (38ms)
			SetLoadedEditorAssemblies (6ms)
			RefreshPlugins (0ms)
			BeforeProcessingInitializeOnLoad (105ms)
			ProcessInitializeOnLoadAttributes (773ms)
			ProcessInitializeOnLoadMethodAttributes (78ms)
			AfterProcessingInitializeOnLoad (8ms)
=======
		CreateAndSetChildDomain (29ms)
	RebuildCommonClasses (39ms)
	RebuildNativeTypeToScriptingClass (11ms)
	initialDomainReloadingComplete (42ms)
	LoadAllAssembliesAndSetupDomain (672ms)
		LoadAssemblies (555ms)
		RebuildTransferFunctionScriptingTraits (0ms)
		AnalyzeDomain (257ms)
			TypeCache.Refresh (217ms)
				TypeCache.ScanAssembly (181ms)
			ScanForSourceGeneratedMonoScriptInfo (32ms)
			ResolveRequiredComponents (5ms)
	FinalizeReload (723ms)
		ReleaseScriptCaches (0ms)
		RebuildScriptCaches (0ms)
		SetupLoadedEditorAssemblies (474ms)
			LogAssemblyErrors (0ms)
			InitializePlatformSupportModulesInManaged (45ms)
			SetLoadedEditorAssemblies (4ms)
			RefreshPlugins (0ms)
			BeforeProcessingInitializeOnLoad (65ms)
			ProcessInitializeOnLoadAttributes (315ms)
			ProcessInitializeOnLoadMethodAttributes (42ms)
			AfterProcessingInitializeOnLoad (2ms)
>>>>>>> Stashed changes
			EditorAssembliesLoaded (0ms)
		ExecutionOrderSort2 (0ms)
		AwakeInstancesAfterBackupRestoration (12ms)
Shader 'Custom/WaterFillEffect': fallback shader 'Transparent' not found
<<<<<<< Updated upstream
Launched and connected shader compiler UnityShaderCompiler.exe after 0.16 seconds
Refreshing native plugins compatible for Editor in 10.18 ms, found 4 plugins.
Preloading 0 native plugins for Editor in 0.00 ms.
Unloading 4067 Unused Serialized files (Serialized files now loaded: 0)
Unloading 70 unused Assets / (61.9 KB). Loaded Objects now: 4539.
Memory consumption went from 150.2 MB to 150.1 MB.
Total: 8.830500 ms (FindLiveObjects: 0.802400 ms CreateObjectMapping: 0.529300 ms MarkObjects: 7.254700 ms  DeleteObjects: 0.240100 ms)
=======
Launched and connected shader compiler UnityShaderCompiler.exe after 0.08 seconds
Refreshing native plugins compatible for Editor in 9.04 ms, found 4 plugins.
Preloading 0 native plugins for Editor in 0.00 ms.
Unloading 4067 Unused Serialized files (Serialized files now loaded: 0)
Unloading 70 unused Assets / (61.9 KB). Loaded Objects now: 4538.
Memory consumption went from 150.7 MB to 150.7 MB.
Total: 6.987200 ms (FindLiveObjects: 0.909700 ms CreateObjectMapping: 0.135000 ms MarkObjects: 5.708100 ms  DeleteObjects: 0.231800 ms)
>>>>>>> Stashed changes

AssetImportParameters requested are different than current active one (requested -> active):
  custom:container-demuxer-ogg: 62fdf1f143b41e24485cea50d1cbac27 -> 
  custom:video-decoder-ogg-theora: a1e56fd34408186e4bbccfd4996cb3dc -> 
  custom:framework-win-MediaFoundation: 216162199b28c13a410421893ffa2e32 -> 
  custom:container-demuxer-webm: 4f35f7cbe854078d1ac9338744f61a02 -> 
  custom:container-muxer-webm: aa71ff27fc2769a1b78a27578f13a17b -> 
  custom:video-decoder-webm-vp8: 9c59270c3fd7afecdb556c50c9e8de78 -> 
  custom:AudioImporter_EditorPlatform: d09bf68614088b80899f8185d706f6e7 -> 
  custom:video-encoder-webm-vp8: eb34c28f22e8b96e1ab97ce403110664 -> 
  custom:audio-decoder-ogg-vorbis: bf7c407c2cedff20999df2af8eb42d56 -> 
  custom:audio-encoder-webm-vorbis: bf7c407c2cedff20999df2af8eb42d56 -> 
========================================================================
Received Import Request.
  Time since last request: 248906.430600 seconds.
  path: Assets/Epic Toon FX/Prefabs/Environment/Firework/FireworkGreen.prefab
  artifactKey: Guid(5552d0e6b5e91684c9b9b938763192bf) Importer(815301076,1909f56bfc062723c751e8b465ee728b)
Start importing Assets/Epic Toon FX/Prefabs/Environment/Firework/FireworkGreen.prefab using Guid(5552d0e6b5e91684c9b9b938763192bf) Importer(815301076,1909f56bfc062723c751e8b465ee728b)  -> (artifact id: '0e1157e87ff9fb2625eaa970cd453307') in 0.176807 seconds
Number of updated asset objects reloaded before import = 0
Number of asset objects unloaded after import = 18
========================================================================
Received Import Request.
  Time since last request: 0.000079 seconds.
  path: Assets/Epic Toon FX/Prefabs/Environment/Firework/FireworkRedCluster.prefab
  artifactKey: Guid(9bcdb1b8180c1394ea37716601148607) Importer(815301076,1909f56bfc062723c751e8b465ee728b)
Start importing Assets/Epic Toon FX/Prefabs/Environment/Firework/FireworkRedCluster.prefab using Guid(9bcdb1b8180c1394ea37716601148607) Importer(815301076,1909f56bfc062723c751e8b465ee728b)  -> (artifact id: 'd39dd8209e10a8229e5c7b5450d7faea') in 0.028145 seconds
Number of updated asset objects reloaded before import = 0
Number of asset objects unloaded after import = 28
========================================================================
Received Import Request.
  Time since last request: 0.000024 seconds.
  path: Assets/Epic Toon FX/Prefabs/Environment/Firework/FireworkYellowCluster.prefab
  artifactKey: Guid(c574b8bf6409ae8478316b2134abf9d1) Importer(815301076,1909f56bfc062723c751e8b465ee728b)
Start importing Assets/Epic Toon FX/Prefabs/Environment/Firework/FireworkYellowCluster.prefab using Guid(c574b8bf6409ae8478316b2134abf9d1) Importer(815301076,1909f56bfc062723c751e8b465ee728b)  -> (artifact id: '912b9d332bb628adb130489958df856b') in 0.020254 seconds
Number of updated asset objects reloaded before import = 0
Number of asset objects unloaded after import = 28
========================================================================
Received Import Request.
  Time since last request: 0.000026 seconds.
  path: Assets/Epic Toon FX/Prefabs/Environment/Firework/FireworkYellow.prefab
  artifactKey: Guid(225085907981d1a4f9901b6ced5b2657) Importer(815301076,1909f56bfc062723c751e8b465ee728b)
Start importing Assets/Epic Toon FX/Prefabs/Environment/Firework/FireworkYellow.prefab using Guid(225085907981d1a4f9901b6ced5b2657) Importer(815301076,1909f56bfc062723c751e8b465ee728b)  -> (artifact id: 'af5fc0c1ff9b9bb6da59ebb16cb45499') in 0.019514 seconds
Number of updated asset objects reloaded before import = 0
Number of asset objects unloaded after import = 18
========================================================================
Received Prepare
Shader 'Custom/WaterFillEffect': fallback shader 'Transparent' not found
Refreshing native plugins compatible for Editor in 5.32 ms, found 4 plugins.
Preloading 0 native plugins for Editor in 0.00 ms.
Unloading 0 Unused Serialized files (Serialized files now loaded: 0)
Unloading 1 unused Assets / (0.9 KB). Loaded Objects now: 4547.
Memory consumption went from 84.9 MB to 84.9 MB.
Total: 5.767100 ms (FindLiveObjects: 0.448100 ms CreateObjectMapping: 0.137400 ms MarkObjects: 5.144500 ms  DeleteObjects: 0.036100 ms)

Prepare: number of updated asset objects reloaded= 0
AssetImportParameters requested are different than current active one (requested -> active):
  custom:container-demuxer-ogg: 62fdf1f143b41e24485cea50d1cbac27 -> 
  custom:video-decoder-ogg-theora: a1e56fd34408186e4bbccfd4996cb3dc -> 
  custom:framework-win-MediaFoundation: 216162199b28c13a410421893ffa2e32 -> 
  custom:CustomObjectIndexerAttribute: 756ad292c208cfabdd7b50bc23989ffe -> 
  custom:container-demuxer-webm: 4f35f7cbe854078d1ac9338744f61a02 -> 
  custom:container-muxer-webm: aa71ff27fc2769a1b78a27578f13a17b -> 
  custom:video-decoder-webm-vp8: 9c59270c3fd7afecdb556c50c9e8de78 -> 
  custom:SearchIndexIgnoredProperties: e643bd26f0fe6173181afceb89e7c659 -> 
  custom:AudioImporter_EditorPlatform: d09bf68614088b80899f8185d706f6e7 -> 
  custom:video-encoder-webm-vp8: eb34c28f22e8b96e1ab97ce403110664 -> 
  custom:audio-decoder-ogg-vorbis: bf7c407c2cedff20999df2af8eb42d56 -> 
  custom:audio-encoder-webm-vorbis: bf7c407c2cedff20999df2af8eb42d56 -> 
========================================================================
<<<<<<< Updated upstream
Received Import Request.
  Time since last request: 1784.185890 seconds.
  path: Assets/Prefs/Fruits/full_kiwi.prefab
  artifactKey: Guid(c914593016eccce468ded6a28ce11d16) Importer(815301076,1909f56bfc062723c751e8b465ee728b)
Start importing Assets/Prefs/Fruits/full_kiwi.prefab using Guid(c914593016eccce468ded6a28ce11d16) Importer(815301076,1909f56bfc062723c751e8b465ee728b)  -> (artifact id: 'eaae01cc89c0531848e8cc6a21a26ff0') in 1.055850 seconds
Number of updated asset objects reloaded before import = 0
Number of asset objects unloaded after import = 35
========================================================================
Received Import Request.
  Time since last request: 1.060962 seconds.
  path: Assets/Prefs/Fruits/full_kiwi.prefab
  artifactKey: Guid(c914593016eccce468ded6a28ce11d16) Importer(815301076,1909f56bfc062723c751e8b465ee728b)
Start importing Assets/Prefs/Fruits/full_kiwi.prefab using Guid(c914593016eccce468ded6a28ce11d16) Importer(815301076,1909f56bfc062723c751e8b465ee728b)  -> (artifact id: '834734200cb6bde1e612e164118a000a') in 0.057475 seconds
Number of updated asset objects reloaded before import = 0
Number of asset objects unloaded after import = 35
========================================================================
Received Import Request.
  Time since last request: 0.000036 seconds.
  path: Assets/Prefs/Fruits/full_orange.prefab
  artifactKey: Guid(9181215e48c08fb40bd05cce5d0ce624) Importer(815301076,1909f56bfc062723c751e8b465ee728b)
Start importing Assets/Prefs/Fruits/full_orange.prefab using Guid(9181215e48c08fb40bd05cce5d0ce624) Importer(815301076,1909f56bfc062723c751e8b465ee728b)  -> (artifact id: 'ce739b2d8587d83fe6a3c9b807875ad1') in 0.194991 seconds
Number of updated asset objects reloaded before import = 0
Number of asset objects unloaded after import = 35
========================================================================
Received Import Request.
  Time since last request: 0.000032 seconds.
  path: Assets/Prefs/Fruits/full_lemon.prefab
  artifactKey: Guid(14650bcea8e99544497e5b033bbbc1d0) Importer(815301076,1909f56bfc062723c751e8b465ee728b)
Start importing Assets/Prefs/Fruits/full_lemon.prefab using Guid(14650bcea8e99544497e5b033bbbc1d0) Importer(815301076,1909f56bfc062723c751e8b465ee728b)  -> (artifact id: 'd1d255e12380c053576294829826a222') in 0.056560 seconds
Number of updated asset objects reloaded before import = 0
Number of asset objects unloaded after import = 35
========================================================================
Received Import Request.
  Time since last request: 9.249637 seconds.
  path: Assets/Prefs/Fruits/full_lemon.prefab
  artifactKey: Guid(14650bcea8e99544497e5b033bbbc1d0) Importer(815301076,1909f56bfc062723c751e8b465ee728b)
Start importing Assets/Prefs/Fruits/full_lemon.prefab using Guid(14650bcea8e99544497e5b033bbbc1d0) Importer(815301076,1909f56bfc062723c751e8b465ee728b)  -> (artifact id: '36946ffec32dc40f38d4f7ce879fe2fb') in 0.018473 seconds
Number of updated asset objects reloaded before import = 0
Number of asset objects unloaded after import = 35
========================================================================
Received Import Request.
  Time since last request: 0.000029 seconds.
  path: Assets/Prefs/Fruits/full_strawberry.prefab
  artifactKey: Guid(997ecaece66ef8d459ae6335c4fbc746) Importer(815301076,1909f56bfc062723c751e8b465ee728b)
Start importing Assets/Prefs/Fruits/full_strawberry.prefab using Guid(997ecaece66ef8d459ae6335c4fbc746) Importer(815301076,1909f56bfc062723c751e8b465ee728b)  -> (artifact id: 'df67b71be9da6a5676261f9bc7060699') in 0.054796 seconds
Number of updated asset objects reloaded before import = 0
Number of asset objects unloaded after import = 35
========================================================================
Received Import Request.
  Time since last request: 0.000177 seconds.
  path: Assets/Prefs/Fruits/full_pineapple.prefab
  artifactKey: Guid(18f5984ae377719419084cd427197673) Importer(815301076,1909f56bfc062723c751e8b465ee728b)
Start importing Assets/Prefs/Fruits/full_pineapple.prefab using Guid(18f5984ae377719419084cd427197673) Importer(815301076,1909f56bfc062723c751e8b465ee728b)  -> (artifact id: 'a4d32a3ab904b1db4c9bf8706761e70d') in 0.047346 seconds
Number of updated asset objects reloaded before import = 0
Number of asset objects unloaded after import = 33
========================================================================
Received Import Request.
  Time since last request: 0.002605 seconds.
  path: Assets/Prefs/Fruits/full_pear.prefab
  artifactKey: Guid(c69c65dee85597f429a717b5ebc3887f) Importer(815301076,1909f56bfc062723c751e8b465ee728b)
Start importing Assets/Prefs/Fruits/full_pear.prefab using Guid(c69c65dee85597f429a717b5ebc3887f) Importer(815301076,1909f56bfc062723c751e8b465ee728b)  -> (artifact id: '25ce45ddfbbd6ad50af77f45b8025561') in 0.021912 seconds
Number of updated asset objects reloaded before import = 0
Number of asset objects unloaded after import = 35
========================================================================
Received Import Request.
  Time since last request: 1.195964 seconds.
  path: Assets/Prefs/Fruits/full_lemon.prefab
  artifactKey: Guid(14650bcea8e99544497e5b033bbbc1d0) Importer(815301076,1909f56bfc062723c751e8b465ee728b)
Start importing Assets/Prefs/Fruits/full_lemon.prefab using Guid(14650bcea8e99544497e5b033bbbc1d0) Importer(815301076,1909f56bfc062723c751e8b465ee728b)  -> (artifact id: '103d1e3ed53c546f4f939d82a0575d24') in 0.029385 seconds
Number of updated asset objects reloaded before import = 0
Number of asset objects unloaded after import = 35
========================================================================
Received Import Request.
  Time since last request: 0.000032 seconds.
  path: Assets/Prefs/Fruits/full_orange.prefab
  artifactKey: Guid(9181215e48c08fb40bd05cce5d0ce624) Importer(815301076,1909f56bfc062723c751e8b465ee728b)
Start importing Assets/Prefs/Fruits/full_orange.prefab using Guid(9181215e48c08fb40bd05cce5d0ce624) Importer(815301076,1909f56bfc062723c751e8b465ee728b)  -> (artifact id: '0a3da0222dec316d24f135fecadac7ba') in 0.027209 seconds
Number of updated asset objects reloaded before import = 0
Number of asset objects unloaded after import = 35
========================================================================
Received Import Request.
  Time since last request: 0.000028 seconds.
  path: Assets/Prefs/Fruits/full_pineapple.prefab
  artifactKey: Guid(18f5984ae377719419084cd427197673) Importer(815301076,1909f56bfc062723c751e8b465ee728b)
Start importing Assets/Prefs/Fruits/full_pineapple.prefab using Guid(18f5984ae377719419084cd427197673) Importer(815301076,1909f56bfc062723c751e8b465ee728b)  -> (artifact id: 'de108fd90b48548e53ad6f37b1812bb9') in 0.045365 seconds
Number of updated asset objects reloaded before import = 0
Number of asset objects unloaded after import = 33
========================================================================
Received Import Request.
  Time since last request: 14.454158 seconds.
  path: Assets/Prefs/Fruits/full_lemon.prefab
  artifactKey: Guid(14650bcea8e99544497e5b033bbbc1d0) Importer(815301076,1909f56bfc062723c751e8b465ee728b)
Start importing Assets/Prefs/Fruits/full_lemon.prefab using Guid(14650bcea8e99544497e5b033bbbc1d0) Importer(815301076,1909f56bfc062723c751e8b465ee728b)  -> (artifact id: '40d44360ae9561c9fa0cb32a2234e56c') in 0.061408 seconds
Number of updated asset objects reloaded before import = 0
Number of asset objects unloaded after import = 35
========================================================================
Received Import Request.
  Time since last request: 0.000025 seconds.
  path: Assets/Prefs/Fruits/full_orange.prefab
  artifactKey: Guid(9181215e48c08fb40bd05cce5d0ce624) Importer(815301076,1909f56bfc062723c751e8b465ee728b)
Start importing Assets/Prefs/Fruits/full_orange.prefab using Guid(9181215e48c08fb40bd05cce5d0ce624) Importer(815301076,1909f56bfc062723c751e8b465ee728b)  -> (artifact id: '1b9e2cffbbdb85b37d0029d31b024a43') in 0.032162 seconds
Number of updated asset objects reloaded before import = 0
Number of asset objects unloaded after import = 35
========================================================================
Received Import Request.
  Time since last request: 0.006003 seconds.
  path: Assets/Prefs/Fruits/full_pineapple.prefab
  artifactKey: Guid(18f5984ae377719419084cd427197673) Importer(815301076,1909f56bfc062723c751e8b465ee728b)
Start importing Assets/Prefs/Fruits/full_pineapple.prefab using Guid(18f5984ae377719419084cd427197673) Importer(815301076,1909f56bfc062723c751e8b465ee728b)  -> (artifact id: 'e2cd968d14e7426bcda1857cb465aa65') in 0.045691 seconds
Number of updated asset objects reloaded before import = 0
Number of asset objects unloaded after import = 33
========================================================================
Received Prepare
Begin MonoManager ReloadAssembly
- Loaded All Assemblies, in  2.916 seconds
Refreshing native plugins compatible for Editor in 38.45 ms, found 4 plugins.
Native extension for WindowsStandalone target not found
=======
Received Prepare
Begin MonoManager ReloadAssembly
- Loaded All Assemblies, in  0.676 seconds
Refreshing native plugins compatible for Editor in 5.11 ms, found 4 plugins.
Native extension for WindowsStandalone target not found
Native extension for iOS target not found
>>>>>>> Stashed changes
Native extension for Android target not found
Native extension for WebGL target not found
[Package Manager] Server::EnsureServerProcessIsRunning -- launch failed, reason: Unity was launched with the -noUpm command-line argument
[Package Manager] UpmClient::Send -- Unable to send message (not connected to UPM process).
[Package Manager] Cannot connect to Unity Package Manager local server
Mono: successfully reloaded assembly
<<<<<<< Updated upstream
- Finished resetting the current domain, in  7.218 seconds
Domain Reload Profiling: 10171ms
	BeginReloadAssembly (525ms)
		ExecutionOrderSort (0ms)
		DisableScriptedObjects (22ms)
		BackupInstance (0ms)
		ReleaseScriptingObjects (0ms)
		CreateAndSetChildDomain (159ms)
	RebuildCommonClasses (175ms)
	RebuildNativeTypeToScriptingClass (106ms)
	initialDomainReloadingComplete (272ms)
	LoadAllAssembliesAndSetupDomain (1827ms)
		LoadAssemblies (1973ms)
		RebuildTransferFunctionScriptingTraits (0ms)
		AnalyzeDomain (97ms)
			TypeCache.Refresh (59ms)
				TypeCache.ScanAssembly (0ms)
			ScanForSourceGeneratedMonoScriptInfo (2ms)
			ResolveRequiredComponents (31ms)
	FinalizeReload (7266ms)
		ReleaseScriptCaches (0ms)
		RebuildScriptCaches (0ms)
		SetupLoadedEditorAssemblies (2838ms)
			LogAssemblyErrors (0ms)
			InitializePlatformSupportModulesInManaged (170ms)
			SetLoadedEditorAssemblies (15ms)
			RefreshPlugins (0ms)
			BeforeProcessingInitializeOnLoad (507ms)
			ProcessInitializeOnLoadAttributes (1883ms)
			ProcessInitializeOnLoadMethodAttributes (238ms)
			AfterProcessingInitializeOnLoad (25ms)
			EditorAssembliesLoaded (0ms)
		ExecutionOrderSort2 (0ms)
		AwakeInstancesAfterBackupRestoration (96ms)
Shader 'Custom/WaterFillEffect': fallback shader 'Transparent' not found
Refreshing native plugins compatible for Editor in 42.55 ms, found 4 plugins.
Preloading 0 native plugins for Editor in 0.00 ms.
Unloading 4053 Unused Serialized files (Serialized files now loaded: 0)
Unloading 42 unused Assets / (36.7 KB). Loaded Objects now: 4551.
Memory consumption went from 147.9 MB to 147.9 MB.
Total: 24.453000 ms (FindLiveObjects: 3.474600 ms CreateObjectMapping: 3.093500 ms MarkObjects: 17.639300 ms  DeleteObjects: 0.243600 ms)
=======
- Finished resetting the current domain, in  1.148 seconds
Domain Reload Profiling: 1823ms
	BeginReloadAssembly (237ms)
		ExecutionOrderSort (0ms)
		DisableScriptedObjects (10ms)
		BackupInstance (0ms)
		ReleaseScriptingObjects (0ms)
		CreateAndSetChildDomain (55ms)
	RebuildCommonClasses (33ms)
	RebuildNativeTypeToScriptingClass (11ms)
	initialDomainReloadingComplete (26ms)
	LoadAllAssembliesAndSetupDomain (368ms)
		LoadAssemblies (495ms)
		RebuildTransferFunctionScriptingTraits (0ms)
		AnalyzeDomain (15ms)
			TypeCache.Refresh (8ms)
				TypeCache.ScanAssembly (0ms)
			ScanForSourceGeneratedMonoScriptInfo (0ms)
			ResolveRequiredComponents (6ms)
	FinalizeReload (1149ms)
		ReleaseScriptCaches (0ms)
		RebuildScriptCaches (0ms)
		SetupLoadedEditorAssemblies (471ms)
			LogAssemblyErrors (0ms)
			InitializePlatformSupportModulesInManaged (37ms)
			SetLoadedEditorAssemblies (4ms)
			RefreshPlugins (0ms)
			BeforeProcessingInitializeOnLoad (80ms)
			ProcessInitializeOnLoadAttributes (311ms)
			ProcessInitializeOnLoadMethodAttributes (37ms)
			AfterProcessingInitializeOnLoad (2ms)
			EditorAssembliesLoaded (0ms)
		ExecutionOrderSort2 (0ms)
		AwakeInstancesAfterBackupRestoration (16ms)
Shader 'Custom/WaterFillEffect': fallback shader 'Transparent' not found
Refreshing native plugins compatible for Editor in 6.17 ms, found 4 plugins.
Preloading 0 native plugins for Editor in 0.00 ms.
Unloading 4054 Unused Serialized files (Serialized files now loaded: 0)
Unloading 42 unused Assets / (36.9 KB). Loaded Objects now: 4551.
Memory consumption went from 148.8 MB to 148.8 MB.
Total: 4.802600 ms (FindLiveObjects: 0.860700 ms CreateObjectMapping: 0.155600 ms MarkObjects: 3.676500 ms  DeleteObjects: 0.108100 ms)
>>>>>>> Stashed changes

Prepare: number of updated asset objects reloaded= 0
AssetImportParameters requested are different than current active one (requested -> active):
  custom:container-demuxer-ogg: 62fdf1f143b41e24485cea50d1cbac27 -> 
  custom:video-decoder-ogg-theora: a1e56fd34408186e4bbccfd4996cb3dc -> 
  custom:framework-win-MediaFoundation: 216162199b28c13a410421893ffa2e32 -> 
  custom:CustomObjectIndexerAttribute: 756ad292c208cfabdd7b50bc23989ffe -> 
  custom:container-demuxer-webm: 4f35f7cbe854078d1ac9338744f61a02 -> 
  custom:container-muxer-webm: aa71ff27fc2769a1b78a27578f13a17b -> 
  custom:video-decoder-webm-vp8: 9c59270c3fd7afecdb556c50c9e8de78 -> 
  custom:SearchIndexIgnoredProperties: e643bd26f0fe6173181afceb89e7c659 -> 
  custom:AudioImporter_EditorPlatform: d09bf68614088b80899f8185d706f6e7 -> 
  custom:video-encoder-webm-vp8: eb34c28f22e8b96e1ab97ce403110664 -> 
  custom:audio-decoder-ogg-vorbis: bf7c407c2cedff20999df2af8eb42d56 -> 
  custom:audio-encoder-webm-vorbis: bf7c407c2cedff20999df2af8eb42d56 -> 
<<<<<<< Updated upstream
=======
========================================================================
Received Prepare
Begin MonoManager ReloadAssembly
- Loaded All Assemblies, in  0.507 seconds
Refreshing native plugins compatible for Editor in 5.77 ms, found 4 plugins.
Native extension for WindowsStandalone target not found
Native extension for iOS target not found
Native extension for Android target not found
Native extension for WebGL target not found
[Package Manager] Server::EnsureServerProcessIsRunning -- launch failed, reason: Unity was launched with the -noUpm command-line argument
[Package Manager] UpmClient::Send -- Unable to send message (not connected to UPM process).
[Package Manager] Cannot connect to Unity Package Manager local server
Mono: successfully reloaded assembly
- Finished resetting the current domain, in  1.027 seconds
Domain Reload Profiling: 1533ms
	BeginReloadAssembly (183ms)
		ExecutionOrderSort (0ms)
		DisableScriptedObjects (12ms)
		BackupInstance (0ms)
		ReleaseScriptingObjects (0ms)
		CreateAndSetChildDomain (42ms)
	RebuildCommonClasses (31ms)
	RebuildNativeTypeToScriptingClass (11ms)
	initialDomainReloadingComplete (25ms)
	LoadAllAssembliesAndSetupDomain (255ms)
		LoadAssemblies (340ms)
		RebuildTransferFunctionScriptingTraits (0ms)
		AnalyzeDomain (15ms)
			TypeCache.Refresh (7ms)
				TypeCache.ScanAssembly (0ms)
			ScanForSourceGeneratedMonoScriptInfo (0ms)
			ResolveRequiredComponents (6ms)
	FinalizeReload (1027ms)
		ReleaseScriptCaches (0ms)
		RebuildScriptCaches (0ms)
		SetupLoadedEditorAssemblies (405ms)
			LogAssemblyErrors (0ms)
			InitializePlatformSupportModulesInManaged (35ms)
			SetLoadedEditorAssemblies (4ms)
			RefreshPlugins (0ms)
			BeforeProcessingInitializeOnLoad (66ms)
			ProcessInitializeOnLoadAttributes (267ms)
			ProcessInitializeOnLoadMethodAttributes (31ms)
			AfterProcessingInitializeOnLoad (2ms)
			EditorAssembliesLoaded (0ms)
		ExecutionOrderSort2 (0ms)
		AwakeInstancesAfterBackupRestoration (13ms)
Shader 'Custom/WaterFillEffect': fallback shader 'Transparent' not found
Refreshing native plugins compatible for Editor in 5.63 ms, found 4 plugins.
Preloading 0 native plugins for Editor in 0.00 ms.
Unloading 4054 Unused Serialized files (Serialized files now loaded: 0)
Unloading 42 unused Assets / (36.8 KB). Loaded Objects now: 4555.
Memory consumption went from 150.7 MB to 150.7 MB.
Total: 3.909400 ms (FindLiveObjects: 0.452900 ms CreateObjectMapping: 0.124200 ms MarkObjects: 3.257800 ms  DeleteObjects: 0.073700 ms)

Prepare: number of updated asset objects reloaded= 0
AssetImportParameters requested are different than current active one (requested -> active):
  custom:container-demuxer-ogg: 62fdf1f143b41e24485cea50d1cbac27 -> 
  custom:video-decoder-ogg-theora: a1e56fd34408186e4bbccfd4996cb3dc -> 
  custom:framework-win-MediaFoundation: 216162199b28c13a410421893ffa2e32 -> 
  custom:CustomObjectIndexerAttribute: 756ad292c208cfabdd7b50bc23989ffe -> 
  custom:container-demuxer-webm: 4f35f7cbe854078d1ac9338744f61a02 -> 
  custom:container-muxer-webm: aa71ff27fc2769a1b78a27578f13a17b -> 
  custom:video-decoder-webm-vp8: 9c59270c3fd7afecdb556c50c9e8de78 -> 
  custom:SearchIndexIgnoredProperties: e643bd26f0fe6173181afceb89e7c659 -> 
  custom:AudioImporter_EditorPlatform: d09bf68614088b80899f8185d706f6e7 -> 
  custom:video-encoder-webm-vp8: eb34c28f22e8b96e1ab97ce403110664 -> 
  custom:audio-decoder-ogg-vorbis: bf7c407c2cedff20999df2af8eb42d56 -> 
  custom:audio-encoder-webm-vorbis: bf7c407c2cedff20999df2af8eb42d56 -> 
========================================================================
Received Import Request.
  Time since last request: 198.482465 seconds.
  path: Assets/Sprit/Glass/CLASS 1_UNFILL.png
  artifactKey: Guid(5b02120be3f689041a521f4654643bf0) Importer(815301076,1909f56bfc062723c751e8b465ee728b)
Start importing Assets/Sprit/Glass/CLASS 1_UNFILL.png using Guid(5b02120be3f689041a521f4654643bf0) Importer(815301076,1909f56bfc062723c751e8b465ee728b)  -> (artifact id: 'b0a06da06d13cbc510996f133b4699cc') in 0.082806 seconds
Number of updated asset objects reloaded before import = 0
Number of asset objects unloaded after import = 3
========================================================================
Received Import Request.
  Time since last request: 0.000038 seconds.
  path: Assets/Sprit/Glass/CLASS 2.png
  artifactKey: Guid(fb6ae23025f37ca40a785b3632b17e55) Importer(815301076,1909f56bfc062723c751e8b465ee728b)
Start importing Assets/Sprit/Glass/CLASS 2.png using Guid(fb6ae23025f37ca40a785b3632b17e55) Importer(815301076,1909f56bfc062723c751e8b465ee728b)  -> (artifact id: '4955a30c20a9abd83c0d535ca68b01d1') in 0.024607 seconds
Number of updated asset objects reloaded before import = 0
Number of asset objects unloaded after import = 3
========================================================================
Received Import Request.
  Time since last request: 0.000028 seconds.
  path: Assets/Sprit/Glass/master_glass1.png
  artifactKey: Guid(43d5df2bcfdb48348a92c6d8b5acce86) Importer(815301076,1909f56bfc062723c751e8b465ee728b)
Start importing Assets/Sprit/Glass/master_glass1.png using Guid(43d5df2bcfdb48348a92c6d8b5acce86) Importer(815301076,1909f56bfc062723c751e8b465ee728b)  -> (artifact id: '33dce7d2ad5e83e3731fa26443c311fb') in 0.025939 seconds
Number of updated asset objects reloaded before import = 0
Number of asset objects unloaded after import = 3
========================================================================
Received Import Request.
  Time since last request: 0.000025 seconds.
  path: Assets/Sprit/Glass/CLASS 9_UNFILL.png
  artifactKey: Guid(ba5f12d15e668ed4298514c766f5b9a5) Importer(815301076,1909f56bfc062723c751e8b465ee728b)
Start importing Assets/Sprit/Glass/CLASS 9_UNFILL.png using Guid(ba5f12d15e668ed4298514c766f5b9a5) Importer(815301076,1909f56bfc062723c751e8b465ee728b)  -> (artifact id: '7cec00c4a65a488245e3d377442e24e2') in 0.025448 seconds
Number of updated asset objects reloaded before import = 0
Number of asset objects unloaded after import = 3
========================================================================
Received Import Request.
  Time since last request: 0.000022 seconds.
  path: Assets/Sprit/Glass/CLASS 8.png
  artifactKey: Guid(79acda5b5e421394c84b7e276f923b80) Importer(815301076,1909f56bfc062723c751e8b465ee728b)
Start importing Assets/Sprit/Glass/CLASS 8.png using Guid(79acda5b5e421394c84b7e276f923b80) Importer(815301076,1909f56bfc062723c751e8b465ee728b)  -> (artifact id: '14addb92bc8c548c144f5e7ba5124f7c') in 0.019653 seconds
Number of updated asset objects reloaded before import = 0
Number of asset objects unloaded after import = 3
========================================================================
Received Import Request.
  Time since last request: 0.000029 seconds.
  path: Assets/Sprit/Glass/CLASS 7_UNFILL.png
  artifactKey: Guid(dd4e4e1612d49f245a38ae5f4c3e3bf8) Importer(815301076,1909f56bfc062723c751e8b465ee728b)
Start importing Assets/Sprit/Glass/CLASS 7_UNFILL.png using Guid(dd4e4e1612d49f245a38ae5f4c3e3bf8) Importer(815301076,1909f56bfc062723c751e8b465ee728b)  -> (artifact id: 'faca0e47810c8f85fc7cd8c4fad95f2f') in 0.020255 seconds
Number of updated asset objects reloaded before import = 0
Number of asset objects unloaded after import = 3
========================================================================
Received Import Request.
  Time since last request: 0.000041 seconds.
  path: Assets/Sprit/Glass/CLASS 3_UNFILL.png
  artifactKey: Guid(e8b7c0401cac6e1459a6eec6b2adfc47) Importer(815301076,1909f56bfc062723c751e8b465ee728b)
Start importing Assets/Sprit/Glass/CLASS 3_UNFILL.png using Guid(e8b7c0401cac6e1459a6eec6b2adfc47) Importer(815301076,1909f56bfc062723c751e8b465ee728b)  -> (artifact id: '89d7da55ac30bef6043c5a76526ca9ed') in 0.021575 seconds
Number of updated asset objects reloaded before import = 0
Number of asset objects unloaded after import = 3
========================================================================
Received Import Request.
  Time since last request: 0.000036 seconds.
  path: Assets/Sprit/Glass/CLASS 4_UNFILL.png
  artifactKey: Guid(923ede08cd83e4b4d9973747594c290f) Importer(815301076,1909f56bfc062723c751e8b465ee728b)
Start importing Assets/Sprit/Glass/CLASS 4_UNFILL.png using Guid(923ede08cd83e4b4d9973747594c290f) Importer(815301076,1909f56bfc062723c751e8b465ee728b)  -> (artifact id: 'b145c3e7358252d188a946c5adcdf4c1') in 0.014154 seconds
Number of updated asset objects reloaded before import = 0
Number of asset objects unloaded after import = 3
========================================================================
Received Import Request.
  Time since last request: 0.000047 seconds.
  path: Assets/Sprit/Glass/CLASS 2_UNFILL.png
  artifactKey: Guid(911fbb6ffe248c24da419fec84a5a1b0) Importer(815301076,1909f56bfc062723c751e8b465ee728b)
Start importing Assets/Sprit/Glass/CLASS 2_UNFILL.png using Guid(911fbb6ffe248c24da419fec84a5a1b0) Importer(815301076,1909f56bfc062723c751e8b465ee728b)  -> (artifact id: '17c9e47caf82ebeb7247aff1682103b1') in 0.020227 seconds
Number of updated asset objects reloaded before import = 0
Number of asset objects unloaded after import = 3
========================================================================
Received Import Request.
  Time since last request: 0.000044 seconds.
  path: Assets/Sprit/Glass/CLASS 6.png
  artifactKey: Guid(1e0d2caf9bf5a8b448036fab23a4098c) Importer(815301076,1909f56bfc062723c751e8b465ee728b)
Start importing Assets/Sprit/Glass/CLASS 6.png using Guid(1e0d2caf9bf5a8b448036fab23a4098c) Importer(815301076,1909f56bfc062723c751e8b465ee728b)  -> (artifact id: 'fb36967267e735e1a58dee038d1ef900') in 0.019176 seconds
Number of updated asset objects reloaded before import = 0
Number of asset objects unloaded after import = 3
========================================================================
Received Import Request.
  Time since last request: 0.000021 seconds.
  path: Assets/Sprit/Glass/CLASS 9.png
  artifactKey: Guid(da37a6dcd7c14244389e617399c9443b) Importer(815301076,1909f56bfc062723c751e8b465ee728b)
Start importing Assets/Sprit/Glass/CLASS 9.png using Guid(da37a6dcd7c14244389e617399c9443b) Importer(815301076,1909f56bfc062723c751e8b465ee728b)  -> (artifact id: 'dadd62ed235fbc0f70c44a1590133e18') in 0.018579 seconds
Number of updated asset objects reloaded before import = 0
Number of asset objects unloaded after import = 3
>>>>>>> Stashed changes
Editor requested this worker to shutdown with reason: Scaling down because of idle timeout
TcpMessagingSession - receive error
AssetImportWorkerClient::OnTransportError - code=2 error=End of file
AssetImportWorker is now disconnected from the server
Process exiting
Exiting without the bug reporter. Application will terminate with return code 0