Using pre-set license
Built from '2022.3/staging' branch; Version is '2022.3.11f1 (d00248457e15) revision 13632072'; Using compiler version '192829333'; Build Type 'Release'
OS: 'Windows 11  (10.0.26120) 64bit Professional' Language: 'en' Physical Memory: 16333 MB
BatchMode: 1, IsHumanControllingUs: 0, StartBugReporterOnCrash: 0, Is64bit: 1, IsPro: 1

COMMAND LINE ARGUMENTS:
E:\PROGRAM_SETUP_WINDOWS\UNITY_EDITERS\2022.3.11f1\Editor\Unity.exe
-adb2
-batchMode
-noUpm
-name
AssetImportWorker5
-projectPath
E:/New Git App Gamers/Slash-Fruit
-logFile
Logs/AssetImportWorker5.log
-srvPort
60717
Successfully changed project path to: E:/New Git App Gamers/Slash-Fruit
E:/New Git App Gamers/Slash-Fruit
[UnityMemory] Configuration Parameters - Can be set up in boot.config
    "memorysetup-bucket-allocator-granularity=16"
    "memorysetup-bucket-allocator-bucket-count=8"
    "memorysetup-bucket-allocator-block-size=33554432"
    "memorysetup-bucket-allocator-block-count=8"
    "memorysetup-main-allocator-block-size=16777216"
    "memorysetup-thread-allocator-block-size=16777216"
    "memorysetup-gfx-main-allocator-block-size=16777216"
    "memorysetup-gfx-thread-allocator-block-size=16777216"
    "memorysetup-cache-allocator-block-size=4194304"
    "memorysetup-typetree-allocator-block-size=2097152"
    "memorysetup-profiler-bucket-allocator-granularity=16"
    "memorysetup-profiler-bucket-allocator-bucket-count=8"
    "memorysetup-profiler-bucket-allocator-block-size=33554432"
    "memorysetup-profiler-bucket-allocator-block-count=8"
    "memorysetup-profiler-allocator-block-size=16777216"
    "memorysetup-profiler-editor-allocator-block-size=1048576"
    "memorysetup-temp-allocator-size-main=16777216"
    "memorysetup-job-temp-allocator-block-size=2097152"
    "memorysetup-job-temp-allocator-block-size-background=1048576"
    "memorysetup-job-temp-allocator-reduction-small-platforms=262144"
    "memorysetup-allocator-temp-initial-block-size-main=262144"
    "memorysetup-allocator-temp-initial-block-size-worker=262144"
    "memorysetup-temp-allocator-size-background-worker=32768"
    "memorysetup-temp-allocator-size-job-worker=262144"
    "memorysetup-temp-allocator-size-preload-manager=33554432"
    "memorysetup-temp-allocator-size-nav-mesh-worker=65536"
    "memorysetup-temp-allocator-size-audio-worker=65536"
    "memorysetup-temp-allocator-size-cloud-worker=32768"
    "memorysetup-temp-allocator-size-gi-baking-worker=262144"
    "memorysetup-temp-allocator-size-gfx=262144"
Player connection [10380] Host "[IP] 172.26.240.1 [Port] 0 [Flags] 2 [Guid] 1460934206 [EditorId] 1460934206 [Version] 1048832 [Id] WindowsEditor(7,DSR) [Debug] 1 [PackageName] WindowsEditor [ProjectName] Editor" joined multi-casting on [225.0.0.222:54997]...

Player connection [10380] Host "[IP] 172.26.240.1 [Port] 0 [Flags] 2 [Guid] 1460934206 [EditorId] 1460934206 [Version] 1048832 [Id] WindowsEditor(7,DSR) [Debug] 1 [PackageName] WindowsEditor [ProjectName] Editor" joined alternative multi-casting on [225.0.0.222:34997]...

[Physics::Module] Initialized MultithreadedJobDispatcher with 15 workers.
Refreshing native plugins compatible for Editor in 12.77 ms, found 4 plugins.
Preloading 0 native plugins for Editor in 0.00 ms.
Initialize engine version: 2022.3.11f1 (d00248457e15)
[Subsystems] Discovering subsystems at path E:/PROGRAM_SETUP_WINDOWS/UNITY_EDITERS/2022.3.11f1/Editor/Data/Resources/UnitySubsystems
[Subsystems] Discovering subsystems at path E:/New Git App Gamers/Slash-Fruit/Assets
GfxDevice: creating device client; threaded=0; jobified=0
Direct3D:
    Version:  Direct3D 11.0 [level 11.1]
    Renderer: NVIDIA GeForce GTX 1660 (ID=0x2184)
    Vendor:   NVIDIA
    VRAM:     5966 MB
    Driver:   32.0.15.6038
Initialize mono
Mono path[0] = 'E:/PROGRAM_SETUP_WINDOWS/UNITY_EDITERS/2022.3.11f1/Editor/Data/Managed'
Mono path[1] = 'E:/PROGRAM_SETUP_WINDOWS/UNITY_EDITERS/2022.3.11f1/Editor/Data/MonoBleedingEdge/lib/mono/unityjit-win32'
Mono config path = 'E:/PROGRAM_SETUP_WINDOWS/UNITY_EDITERS/2022.3.11f1/Editor/Data/MonoBleedingEdge/etc'
Using monoOptions --debugger-agent=transport=dt_socket,embedding=1,server=y,suspend=n,address=127.0.0.1:56744
Begin MonoManager ReloadAssembly
Registering precompiled unity dll's ...
Register platform support module: E:/PROGRAM_SETUP_WINDOWS/UNITY_EDITERS/2022.3.11f1/Editor/Data/PlaybackEngines/WebGLSupport/UnityEditor.WebGL.Extensions.dll
Register platform support module: E:/PROGRAM_SETUP_WINDOWS/UNITY_EDITERS/2022.3.11f1/Editor/Data/PlaybackEngines/AndroidPlayer/UnityEditor.Android.Extensions.dll
Register platform support module: E:/PROGRAM_SETUP_WINDOWS/UNITY_EDITERS/2022.3.11f1/Editor/Data/PlaybackEngines/iOSSupport/UnityEditor.iOS.Extensions.dll
Register platform support module: E:/PROGRAM_SETUP_WINDOWS/UNITY_EDITERS/2022.3.11f1/Editor/Data/PlaybackEngines/WindowsStandaloneSupport/UnityEditor.WindowsStandalone.Extensions.dll
Registered in 0.005572 seconds.
- Loaded All Assemblies, in  0.398 seconds
Native extension for WindowsStandalone target not found
[usbmuxd] Start listen thread
[usbmuxd] Listen thread started
Native extension for iOS target not found
Native extension for Android target not found
Android Extension - Scanning For ADB Devices 255 ms
Native extension for WebGL target not found
Mono: successfully reloaded assembly
- Finished resetting the current domain, in  0.593 seconds
Domain Reload Profiling: 991ms
	BeginReloadAssembly (141ms)
		ExecutionOrderSort (0ms)
		DisableScriptedObjects (0ms)
		BackupInstance (0ms)
		ReleaseScriptingObjects (0ms)
		CreateAndSetChildDomain (1ms)
	RebuildCommonClasses (41ms)
	RebuildNativeTypeToScriptingClass (12ms)
	initialDomainReloadingComplete (50ms)
	LoadAllAssembliesAndSetupDomain (154ms)
		LoadAssemblies (142ms)
		RebuildTransferFunctionScriptingTraits (0ms)
		AnalyzeDomain (150ms)
			TypeCache.Refresh (148ms)
				TypeCache.ScanAssembly (135ms)
			ScanForSourceGeneratedMonoScriptInfo (0ms)
			ResolveRequiredComponents (1ms)
	FinalizeReload (593ms)
		ReleaseScriptCaches (0ms)
		RebuildScriptCaches (0ms)
		SetupLoadedEditorAssemblies (535ms)
			LogAssemblyErrors (0ms)
			InitializePlatformSupportModulesInManaged (369ms)
			SetLoadedEditorAssemblies (4ms)
			RefreshPlugins (0ms)
			BeforeProcessingInitializeOnLoad (2ms)
			ProcessInitializeOnLoadAttributes (105ms)
			ProcessInitializeOnLoadMethodAttributes (56ms)
			AfterProcessingInitializeOnLoad (0ms)
			EditorAssembliesLoaded (0ms)
		ExecutionOrderSort2 (0ms)
		AwakeInstancesAfterBackupRestoration (0ms)
========================================================================
Worker process is ready to serve import requests
Begin MonoManager ReloadAssembly
- Loaded All Assemblies, in  0.717 seconds
Refreshing native plugins compatible for Editor in 4.32 ms, found 4 plugins.
Native extension for WindowsStandalone target not found
Native extension for iOS target not found
Native extension for Android target not found
Native extension for WebGL target not found
Package Manager log level set to [2]
[Package Manager] Server::EnsureServerProcessIsRunning -- launch failed, reason: Unity was launched with the -noUpm command-line argument
[Package Manager] UpmClient::Send -- Unable to send message (not connected to UPM process).
[Package Manager] Cannot connect to Unity Package Manager local server
Mono: successfully reloaded assembly
- Finished resetting the current domain, in  0.601 seconds
Domain Reload Profiling: 1318ms
	BeginReloadAssembly (161ms)
		ExecutionOrderSort (0ms)
		DisableScriptedObjects (6ms)
		BackupInstance (0ms)
		ReleaseScriptingObjects (0ms)
		CreateAndSetChildDomain (22ms)
	RebuildCommonClasses (34ms)
	RebuildNativeTypeToScriptingClass (12ms)
	initialDomainReloadingComplete (45ms)
	LoadAllAssembliesAndSetupDomain (465ms)
		LoadAssemblies (378ms)
		RebuildTransferFunctionScriptingTraits (0ms)
		AnalyzeDomain (188ms)
			TypeCache.Refresh (162ms)
				TypeCache.ScanAssembly (143ms)
			ScanForSourceGeneratedMonoScriptInfo (21ms)
			ResolveRequiredComponents (4ms)
	FinalizeReload (601ms)
		ReleaseScriptCaches (0ms)
		RebuildScriptCaches (0ms)
		SetupLoadedEditorAssemblies (433ms)
			LogAssemblyErrors (0ms)
			InitializePlatformSupportModulesInManaged (31ms)
			SetLoadedEditorAssemblies (3ms)
			RefreshPlugins (0ms)
			BeforeProcessingInitializeOnLoad (58ms)
			ProcessInitializeOnLoadAttributes (302ms)
			ProcessInitializeOnLoadMethodAttributes (36ms)
			AfterProcessingInitializeOnLoad (2ms)
			EditorAssembliesLoaded (0ms)
		ExecutionOrderSort2 (0ms)
		AwakeInstancesAfterBackupRestoration (7ms)
Launched and connected shader compiler UnityShaderCompiler.exe after 0.04 seconds
Refreshing native plugins compatible for Editor in 4.83 ms, found 4 plugins.
Preloading 0 native plugins for Editor in 0.00 ms.
Unloading 4038 Unused Serialized files (Serialized files now loaded: 0)
Unloading 66 unused Assets / (61.0 KB). Loaded Objects now: 4507.
Memory consumption went from 149.0 MB to 148.9 MB.
Total: 3.686000 ms (FindLiveObjects: 0.369200 ms CreateObjectMapping: 0.128100 ms MarkObjects: 3.063600 ms  DeleteObjects: 0.124100 ms)

AssetImportParameters requested are different than current active one (requested -> active):
  custom:container-demuxer-ogg: 62fdf1f143b41e24485cea50d1cbac27 -> 
  custom:video-decoder-ogg-theora: a1e56fd34408186e4bbccfd4996cb3dc -> 
  custom:framework-win-MediaFoundation: 216162199b28c13a410421893ffa2e32 -> 
  custom:CustomObjectIndexerAttribute: 756ad292c208cfabdd7b50bc23989ffe -> 
  custom:container-demuxer-webm: 4f35f7cbe854078d1ac9338744f61a02 -> 
  custom:container-muxer-webm: aa71ff27fc2769a1b78a27578f13a17b -> 
  custom:video-decoder-webm-vp8: 9c59270c3fd7afecdb556c50c9e8de78 -> 
  custom:SearchIndexIgnoredProperties: e643bd26f0fe6173181afceb89e7c659 -> 
  custom:AudioImporter_EditorPlatform: d09bf68614088b80899f8185d706f6e7 -> 
  custom:video-encoder-webm-vp8: eb34c28f22e8b96e1ab97ce403110664 -> 
  custom:audio-decoder-ogg-vorbis: bf7c407c2cedff20999df2af8eb42d56 -> 
  custom:audio-encoder-webm-vorbis: bf7c407c2cedff20999df2af8eb42d56 -> 
========================================================================
Received Import Request.
  Time since last request: 8868.096514 seconds.
  path: Assets/Sprit/3.setting page/setting_title.png
  artifactKey: Guid(420c81b04d2cd5d4b99e2be98697bace) Importer(815301076,1909f56bfc062723c751e8b465ee728b)
Start importing Assets/Sprit/3.setting page/setting_title.png using Guid(420c81b04d2cd5d4b99e2be98697bace) Importer(815301076,1909f56bfc062723c751e8b465ee728b)  -> (artifact id: '6c4bf05e8f7eb496ecfbee8d325fe408') in 0.097095 seconds
Number of updated asset objects reloaded before import = 0
Number of asset objects unloaded after import = 3
========================================================================
Received Import Request.
  Time since last request: 2.691658 seconds.
  path: Assets/Sprit/4.cart page/get_random_bt2.png
  artifactKey: Guid(409fe715c87745d4e9ab3436397c4e14) Importer(815301076,1909f56bfc062723c751e8b465ee728b)
Start importing Assets/Sprit/4.cart page/get_random_bt2.png using Guid(409fe715c87745d4e9ab3436397c4e14) Importer(815301076,1909f56bfc062723c751e8b465ee728b)  -> (artifact id: 'cf95dc18a5258d4433cb539359b10069') in 0.020779 seconds
Number of updated asset objects reloaded before import = 0
Number of asset objects unloaded after import = 3
========================================================================
Received Import Request.
  Time since last request: 0.000020 seconds.
  path: Assets/Sprit/4.cart page/knife_2.png
  artifactKey: Guid(948fa018dbf0bef43bede1f0adea6ff0) Importer(815301076,1909f56bfc062723c751e8b465ee728b)
Start importing Assets/Sprit/4.cart page/knife_2.png using Guid(948fa018dbf0bef43bede1f0adea6ff0) Importer(815301076,1909f56bfc062723c751e8b465ee728b)  -> (artifact id: '6e05b110588eb6f3cd63e38ab7b40d26') in 0.023581 seconds
Number of updated asset objects reloaded before import = 0
Number of asset objects unloaded after import = 3
========================================================================
Received Import Request.
  Time since last request: 0.000029 seconds.
  path: Assets/Sprit/4.cart page/knife_18.png
  artifactKey: Guid(c32c8169d665251409da2f3454406fd0) Importer(815301076,1909f56bfc062723c751e8b465ee728b)
Start importing Assets/Sprit/4.cart page/knife_18.png using Guid(c32c8169d665251409da2f3454406fd0) Importer(815301076,1909f56bfc062723c751e8b465ee728b)  -> (artifact id: '2dd89834fb14eb369c29f872d97479cf') in 0.024607 seconds
Number of updated asset objects reloaded before import = 0
Number of asset objects unloaded after import = 3
========================================================================
Received Import Request.
  Time since last request: 0.000046 seconds.
  path: Assets/Sprit/4.cart page/knife_19.png
  artifactKey: Guid(904c4a85c32f6d14f91d56c93f3786c4) Importer(815301076,1909f56bfc062723c751e8b465ee728b)
Start importing Assets/Sprit/4.cart page/knife_19.png using Guid(904c4a85c32f6d14f91d56c93f3786c4) Importer(815301076,1909f56bfc062723c751e8b465ee728b)  -> (artifact id: '840e8dd198df8073ed25bfa8b8ca7800') in 0.021541 seconds
Number of updated asset objects reloaded before import = 0
Number of asset objects unloaded after import = 3
========================================================================
Received Import Request.
  Time since last request: 0.000024 seconds.
  path: Assets/Sprit/4.cart page/knife_8.png
  artifactKey: Guid(a353c50298483e141bae13dde88ad125) Importer(815301076,1909f56bfc062723c751e8b465ee728b)
Start importing Assets/Sprit/4.cart page/knife_8.png using Guid(a353c50298483e141bae13dde88ad125) Importer(815301076,1909f56bfc062723c751e8b465ee728b)  -> (artifact id: '77213149c232858d955ab9e28c980f5a') in 0.022947 seconds
Number of updated asset objects reloaded before import = 0
Number of asset objects unloaded after import = 3
========================================================================
Received Import Request.
  Time since last request: 0.000028 seconds.
  path: Assets/Sprit/4.cart page/knife_11.png
  artifactKey: Guid(44b546e8208f8784ea4fc9d752e32a22) Importer(815301076,1909f56bfc062723c751e8b465ee728b)
Start importing Assets/Sprit/4.cart page/knife_11.png using Guid(44b546e8208f8784ea4fc9d752e32a22) Importer(815301076,1909f56bfc062723c751e8b465ee728b)  -> (artifact id: 'a3e596993ab81a6697ffd5bac2e68fb0') in 0.022462 seconds
Number of updated asset objects reloaded before import = 0
Number of asset objects unloaded after import = 3
========================================================================
Received Import Request.
  Time since last request: 0.000020 seconds.
  path: Assets/Sprit/4.cart page/knife_9.png
  artifactKey: Guid(581f65b038ed6ac4bbdc132a77aed036) Importer(815301076,1909f56bfc062723c751e8b465ee728b)
Start importing Assets/Sprit/4.cart page/knife_9.png using Guid(581f65b038ed6ac4bbdc132a77aed036) Importer(815301076,1909f56bfc062723c751e8b465ee728b)  -> (artifact id: '029959d09bc65879e7f65d968367af85') in 0.023552 seconds
Number of updated asset objects reloaded before import = 0
Number of asset objects unloaded after import = 3
========================================================================
Received Import Request.
  Time since last request: 4.624844 seconds.
  path: Assets/Sprit/5.complete page/home_bt_2.png
  artifactKey: Guid(37ece09a9eb1cd446864bc602c69697b) Importer(815301076,1909f56bfc062723c751e8b465ee728b)
Start importing Assets/Sprit/5.complete page/home_bt_2.png using Guid(37ece09a9eb1cd446864bc602c69697b) Importer(815301076,1909f56bfc062723c751e8b465ee728b)  -> (artifact id: 'e775479432f6a8c19a024530ba86ee9c') in 0.031068 seconds
Number of updated asset objects reloaded before import = 0
Number of asset objects unloaded after import = 3
========================================================================
Received Import Request.
  Time since last request: 6.095387 seconds.
  path: Assets/Sprit/7.get coin page/watch_ads_bt.png
  artifactKey: Guid(089c466b287a27c448ac78e6d7627faf) Importer(815301076,1909f56bfc062723c751e8b465ee728b)
Start importing Assets/Sprit/7.get coin page/watch_ads_bt.png using Guid(089c466b287a27c448ac78e6d7627faf) Importer(815301076,1909f56bfc062723c751e8b465ee728b)  -> (artifact id: '49f874ff0b210f8b9ef9af97e2416b1d') in 0.024765 seconds
Number of updated asset objects reloaded before import = 0
Number of asset objects unloaded after import = 3
========================================================================
Received Import Request.
  Time since last request: 13.991051 seconds.
  path: Assets/Sprit/Glass/CLASS 2_UNFILL.png
  artifactKey: Guid(911fbb6ffe248c24da419fec84a5a1b0) Importer(815301076,1909f56bfc062723c751e8b465ee728b)
Start importing Assets/Sprit/Glass/CLASS 2_UNFILL.png using Guid(911fbb6ffe248c24da419fec84a5a1b0) Importer(815301076,1909f56bfc062723c751e8b465ee728b)  -> (artifact id: '17c9e47caf82ebeb7247aff1682103b1') in 0.031042 seconds
Number of updated asset objects reloaded before import = 0
Number of asset objects unloaded after import = 3
========================================================================
Received Import Request.
  Time since last request: 0.000043 seconds.
  path: Assets/Sprit/Glass/master_glass1.png
  artifactKey: Guid(43d5df2bcfdb48348a92c6d8b5acce86) Importer(815301076,1909f56bfc062723c751e8b465ee728b)
Start importing Assets/Sprit/Glass/master_glass1.png using Guid(43d5df2bcfdb48348a92c6d8b5acce86) Importer(815301076,1909f56bfc062723c751e8b465ee728b)  -> (artifact id: '33dce7d2ad5e83e3731fa26443c311fb') in 0.036127 seconds
Number of updated asset objects reloaded before import = 0
Number of asset objects unloaded after import = 3
========================================================================
Received Import Request.
  Time since last request: 0.000021 seconds.
  path: Assets/Sprit/Glass/CLASS 7_UNFILL.png
  artifactKey: Guid(dd4e4e1612d49f245a38ae5f4c3e3bf8) Importer(815301076,1909f56bfc062723c751e8b465ee728b)
Start importing Assets/Sprit/Glass/CLASS 7_UNFILL.png using Guid(dd4e4e1612d49f245a38ae5f4c3e3bf8) Importer(815301076,1909f56bfc062723c751e8b465ee728b)  -> (artifact id: 'faca0e47810c8f85fc7cd8c4fad95f2f') in 0.034350 seconds
Number of updated asset objects reloaded before import = 0
Number of asset objects unloaded after import = 3
========================================================================
Received Import Request.
  Time since last request: 0.000073 seconds.
  path: Assets/Sprit/Glass/CLASS 4_UNFILL.png
  artifactKey: Guid(923ede08cd83e4b4d9973747594c290f) Importer(815301076,1909f56bfc062723c751e8b465ee728b)
Start importing Assets/Sprit/Glass/CLASS 4_UNFILL.png using Guid(923ede08cd83e4b4d9973747594c290f) Importer(815301076,1909f56bfc062723c751e8b465ee728b)  -> (artifact id: 'b145c3e7358252d188a946c5adcdf4c1') in 0.029354 seconds
Number of updated asset objects reloaded before import = 0
Number of asset objects unloaded after import = 3
========================================================================
Received Import Request.
  Time since last request: 0.000019 seconds.
  path: Assets/Sprit/Glass/master_glass.png
  artifactKey: Guid(2e4e32097eaf44e40a59bad6352e5878) Importer(815301076,1909f56bfc062723c751e8b465ee728b)
Start importing Assets/Sprit/Glass/master_glass.png using Guid(2e4e32097eaf44e40a59bad6352e5878) Importer(815301076,1909f56bfc062723c751e8b465ee728b)  -> (artifact id: '1e71fc363b370148ff71ce2d231af5a5') in 0.019922 seconds
Number of updated asset objects reloaded before import = 0
Number of asset objects unloaded after import = 3
========================================================================
Received Import Request.
  Time since last request: 36.921715 seconds.
  path: Assets/Sprit/mixer/part 4.png
  artifactKey: Guid(afb5a66c1c0bf2840a414414f0b1d709) Importer(815301076,1909f56bfc062723c751e8b465ee728b)
Start importing Assets/Sprit/mixer/part 4.png using Guid(afb5a66c1c0bf2840a414414f0b1d709) Importer(815301076,1909f56bfc062723c751e8b465ee728b)  -> (artifact id: '46c1ff504fd1ac578c5ca2869a343613') in 0.031184 seconds
Number of updated asset objects reloaded before import = 0
Number of asset objects unloaded after import = 3
========================================================================
Received Prepare
Begin MonoManager ReloadAssembly
- Loaded All Assemblies, in  0.550 seconds
Refreshing native plugins compatible for Editor in 6.42 ms, found 4 plugins.
Native extension for WindowsStandalone target not found
Native extension for iOS target not found
Native extension for Android target not found
Native extension for WebGL target not found
[Package Manager] Server::EnsureServerProcessIsRunning -- launch failed, reason: Unity was launched with the -noUpm command-line argument
[Package Manager] UpmClient::Send -- Unable to send message (not connected to UPM process).
[Package Manager] Cannot connect to Unity Package Manager local server
Mono: successfully reloaded assembly
- Finished resetting the current domain, in  1.114 seconds
Domain Reload Profiling: 1664ms
	BeginReloadAssembly (195ms)
		ExecutionOrderSort (0ms)
		DisableScriptedObjects (14ms)
		BackupInstance (0ms)
		ReleaseScriptingObjects (0ms)
		CreateAndSetChildDomain (41ms)
	RebuildCommonClasses (35ms)
	RebuildNativeTypeToScriptingClass (14ms)
	initialDomainReloadingComplete (29ms)
	LoadAllAssembliesAndSetupDomain (277ms)
		LoadAssemblies (372ms)
		RebuildTransferFunctionScriptingTraits (0ms)
		AnalyzeDomain (16ms)
			TypeCache.Refresh (8ms)
				TypeCache.ScanAssembly (0ms)
			ScanForSourceGeneratedMonoScriptInfo (0ms)
			ResolveRequiredComponents (5ms)
	FinalizeReload (1114ms)
		ReleaseScriptCaches (0ms)
		RebuildScriptCaches (0ms)
		SetupLoadedEditorAssemblies (430ms)
			LogAssemblyErrors (0ms)
			InitializePlatformSupportModulesInManaged (38ms)
			SetLoadedEditorAssemblies (4ms)
			RefreshPlugins (0ms)
			BeforeProcessingInitializeOnLoad (60ms)
			ProcessInitializeOnLoadAttributes (289ms)
			ProcessInitializeOnLoadMethodAttributes (37ms)
			AfterProcessingInitializeOnLoad (2ms)
			EditorAssembliesLoaded (0ms)
		ExecutionOrderSort2 (0ms)
		AwakeInstancesAfterBackupRestoration (15ms)
Refreshing native plugins compatible for Editor in 5.34 ms, found 4 plugins.
Preloading 0 native plugins for Editor in 0.00 ms.
Unloading 4026 Unused Serialized files (Serialized files now loaded: 0)
Unloading 38 unused Assets / (35.2 KB). Loaded Objects now: 4536.
Memory consumption went from 147.3 MB to 147.3 MB.
Total: 4.075100 ms (FindLiveObjects: 0.419400 ms CreateObjectMapping: 0.137700 ms MarkObjects: 3.440300 ms  DeleteObjects: 0.076100 ms)

Prepare: number of updated asset objects reloaded= 0
AssetImportParameters requested are different than current active one (requested -> active):
  custom:container-demuxer-ogg: 62fdf1f143b41e24485cea50d1cbac27 -> 
  custom:video-decoder-ogg-theora: a1e56fd34408186e4bbccfd4996cb3dc -> 
  custom:framework-win-MediaFoundation: 216162199b28c13a410421893ffa2e32 -> 
  custom:CustomObjectIndexerAttribute: 756ad292c208cfabdd7b50bc23989ffe -> 
  custom:container-demuxer-webm: 4f35f7cbe854078d1ac9338744f61a02 -> 
  custom:container-muxer-webm: aa71ff27fc2769a1b78a27578f13a17b -> 
  custom:video-decoder-webm-vp8: 9c59270c3fd7afecdb556c50c9e8de78 -> 
  custom:SearchIndexIgnoredProperties: e643bd26f0fe6173181afceb89e7c659 -> 
  custom:AudioImporter_EditorPlatform: d09bf68614088b80899f8185d706f6e7 -> 
  custom:video-encoder-webm-vp8: eb34c28f22e8b96e1ab97ce403110664 -> 
  custom:audio-decoder-ogg-vorbis: bf7c407c2cedff20999df2af8eb42d56 -> 
  custom:audio-encoder-webm-vorbis: bf7c407c2cedff20999df2af8eb42d56 -> 
========================================================================
Received Import Request.
  Time since last request: 674.553517 seconds.
  path: Assets/Prefs/Fruits/full_kiwi.prefab
  artifactKey: Guid(c914593016eccce468ded6a28ce11d16) Importer(815301076,1909f56bfc062723c751e8b465ee728b)
Start importing Assets/Prefs/Fruits/full_kiwi.prefab using Guid(c914593016eccce468ded6a28ce11d16) Importer(815301076,1909f56bfc062723c751e8b465ee728b)  -> (artifact id: 'c8622154a0f9bc0951b31774912e49a7') in 0.110187 seconds
Number of updated asset objects reloaded before import = 0
Number of asset objects unloaded after import = 19
========================================================================
Received Import Request.
  Time since last request: 0.000030 seconds.
  path: Assets/Prefs/Fruits/full_pineapple.prefab
  artifactKey: Guid(18f5984ae377719419084cd427197673) Importer(815301076,1909f56bfc062723c751e8b465ee728b)
Start importing Assets/Prefs/Fruits/full_pineapple.prefab using Guid(18f5984ae377719419084cd427197673) Importer(815301076,1909f56bfc062723c751e8b465ee728b)  -> (artifact id: '678ee04dabc8deb2970fc08e8328c97c') in 0.019028 seconds
Number of updated asset objects reloaded before import = 0
Number of asset objects unloaded after import = 19
========================================================================
Received Import Request.
  Time since last request: 0.000022 seconds.
  path: Assets/Prefs/Fruits/full_pear.prefab
  artifactKey: Guid(c69c65dee85597f429a717b5ebc3887f) Importer(815301076,1909f56bfc062723c751e8b465ee728b)
Start importing Assets/Prefs/Fruits/full_pear.prefab using Guid(c69c65dee85597f429a717b5ebc3887f) Importer(815301076,1909f56bfc062723c751e8b465ee728b)  -> (artifact id: '03ba6b083da4bda9db3ed78c6d31ba48') in 0.017982 seconds
Number of updated asset objects reloaded before import = 0
Number of asset objects unloaded after import = 19
========================================================================
Received Import Request.
  Time since last request: 0.000024 seconds.
  path: Assets/Prefs/Fruits/full_mango.prefab
  artifactKey: Guid(2d933bb5e821ed5489e69fe6511d52ef) Importer(815301076,1909f56bfc062723c751e8b465ee728b)
Start importing Assets/Prefs/Fruits/full_mango.prefab using Guid(2d933bb5e821ed5489e69fe6511d52ef) Importer(815301076,1909f56bfc062723c751e8b465ee728b)  -> (artifact id: '6841343acd893e1ff20d3f630af3327d') in 0.017579 seconds
Number of updated asset objects reloaded before import = 0
Number of asset objects unloaded after import = 19
Editor requested this worker to shutdown with reason: Scaling down because of idle timeout
TcpMessagingSession - receive error: operation aborted. errorcode: 995, details: The I/O operation has been aborted because of either a thread exit or an application request.
AssetImportWorker is now disconnected from the server
Process exiting
Exiting without the bug reporter. Application will terminate with return code 0