Using pre-set license
Built from '2022.3/staging' branch; Version is '2022.3.11f1 (d00248457e15) revision 13632072'; Using compiler version '192829333'; Build Type 'Release'
OS: 'Windows 11  (10.0.26120) 64bit Professional' Language: 'en' Physical Memory: 16333 MB
BatchMode: 1, IsHumanControllingUs: 0, StartBugReporterOnCrash: 0, Is64bit: 1, IsPro: 1

COMMAND LINE ARGUMENTS:
E:\PROGRAM_SETUP_WINDOWS\UNITY_EDITERS\2022.3.11f1\Editor\Unity.exe
-adb2
-batchMode
-noUpm
-name
AssetImportWorker0
-projectPath
E:/New Git App Gamers/Slash-Fruit
-logFile
Logs/AssetImportWorker0.log
-srvPort
58472
Successfully changed project path to: E:/New Git App Gamers/Slash-Fruit
E:/New Git App Gamers/Slash-Fruit
[UnityMemory] Configuration Parameters - Can be set up in boot.config
    "memorysetup-bucket-allocator-granularity=16"
    "memorysetup-bucket-allocator-bucket-count=8"
    "memorysetup-bucket-allocator-block-size=33554432"
    "memorysetup-bucket-allocator-block-count=8"
    "memorysetup-main-allocator-block-size=16777216"
    "memorysetup-thread-allocator-block-size=16777216"
    "memorysetup-gfx-main-allocator-block-size=16777216"
    "memorysetup-gfx-thread-allocator-block-size=16777216"
    "memorysetup-cache-allocator-block-size=4194304"
    "memorysetup-typetree-allocator-block-size=2097152"
    "memorysetup-profiler-bucket-allocator-granularity=16"
    "memorysetup-profiler-bucket-allocator-bucket-count=8"
    "memorysetup-profiler-bucket-allocator-block-size=33554432"
    "memorysetup-profiler-bucket-allocator-block-count=8"
    "memorysetup-profiler-allocator-block-size=16777216"
    "memorysetup-profiler-editor-allocator-block-size=1048576"
    "memorysetup-temp-allocator-size-main=16777216"
    "memorysetup-job-temp-allocator-block-size=2097152"
    "memorysetup-job-temp-allocator-block-size-background=1048576"
    "memorysetup-job-temp-allocator-reduction-small-platforms=262144"
    "memorysetup-allocator-temp-initial-block-size-main=262144"
    "memorysetup-allocator-temp-initial-block-size-worker=262144"
    "memorysetup-temp-allocator-size-background-worker=32768"
    "memorysetup-temp-allocator-size-job-worker=262144"
    "memorysetup-temp-allocator-size-preload-manager=33554432"
    "memorysetup-temp-allocator-size-nav-mesh-worker=65536"
    "memorysetup-temp-allocator-size-audio-worker=65536"
    "memorysetup-temp-allocator-size-cloud-worker=32768"
    "memorysetup-temp-allocator-size-gi-baking-worker=262144"
    "memorysetup-temp-allocator-size-gfx=262144"
Player connection [28532] Host "[IP] 172.26.240.1 [Port] 0 [Flags] 2 [Guid] 80768897 [EditorId] 80768897 [Version] 1048832 [Id] WindowsEditor(7,DSR) [Debug] 1 [PackageName] WindowsEditor [ProjectName] Editor" joined multi-casting on [225.0.0.222:54997]...

Player connection [28532] Host "[IP] 172.26.240.1 [Port] 0 [Flags] 2 [Guid] 80768897 [EditorId] 80768897 [Version] 1048832 [Id] WindowsEditor(7,DSR) [Debug] 1 [PackageName] WindowsEditor [ProjectName] Editor" joined alternative multi-casting on [225.0.0.222:34997]...

[Physics::Module] Initialized MultithreadedJobDispatcher with 15 workers.
Refreshing native plugins compatible for Editor in 11.92 ms, found 4 plugins.
Preloading 0 native plugins for Editor in 0.00 ms.
Initialize engine version: 2022.3.11f1 (d00248457e15)
[Subsystems] Discovering subsystems at path E:/PROGRAM_SETUP_WINDOWS/UNITY_EDITERS/2022.3.11f1/Editor/Data/Resources/UnitySubsystems
[Subsystems] Discovering subsystems at path E:/New Git App Gamers/Slash-Fruit/Assets
GfxDevice: creating device client; threaded=0; jobified=0
Direct3D:
    Version:  Direct3D 11.0 [level 11.1]
    Renderer: NVIDIA GeForce GTX 1660 (ID=0x2184)
    Vendor:   NVIDIA
    VRAM:     5966 MB
    Driver:   32.0.15.6038
Shader 'Custom/WaterFillEffect': fallback shader 'Transparent' not found
Initialize mono
Mono path[0] = 'E:/PROGRAM_SETUP_WINDOWS/UNITY_EDITERS/2022.3.11f1/Editor/Data/Managed'
Mono path[1] = 'E:/PROGRAM_SETUP_WINDOWS/UNITY_EDITERS/2022.3.11f1/Editor/Data/MonoBleedingEdge/lib/mono/unityjit-win32'
Mono config path = 'E:/PROGRAM_SETUP_WINDOWS/UNITY_EDITERS/2022.3.11f1/Editor/Data/MonoBleedingEdge/etc'
Using monoOptions --debugger-agent=transport=dt_socket,embedding=1,server=y,suspend=n,address=127.0.0.1:56288
Begin MonoManager ReloadAssembly
Registering precompiled unity dll's ...
Register platform support module: E:/PROGRAM_SETUP_WINDOWS/UNITY_EDITERS/2022.3.11f1/Editor/Data/PlaybackEngines/WebGLSupport/UnityEditor.WebGL.Extensions.dll
Register platform support module: E:/PROGRAM_SETUP_WINDOWS/UNITY_EDITERS/2022.3.11f1/Editor/Data/PlaybackEngines/AndroidPlayer/UnityEditor.Android.Extensions.dll
Register platform support module: E:/PROGRAM_SETUP_WINDOWS/UNITY_EDITERS/2022.3.11f1/Editor/Data/PlaybackEngines/iOSSupport/UnityEditor.iOS.Extensions.dll
Register platform support module: E:/PROGRAM_SETUP_WINDOWS/UNITY_EDITERS/2022.3.11f1/Editor/Data/PlaybackEngines/WindowsStandaloneSupport/UnityEditor.WindowsStandalone.Extensions.dll
Registered in 0.006476 seconds.
- Loaded All Assemblies, in  0.381 seconds
Native extension for WindowsStandalone target not found
[usbmuxd] Start listen thread
[usbmuxd] Listen thread started
Native extension for iOS target not found
Native extension for Android target not found
Android Extension - Scanning For ADB Devices 1777 ms
Native extension for WebGL target not found
Mono: successfully reloaded assembly
- Finished resetting the current domain, in  2.094 seconds
Domain Reload Profiling: 2475ms
	BeginReloadAssembly (123ms)
		ExecutionOrderSort (0ms)
		DisableScriptedObjects (0ms)
		BackupInstance (0ms)
		ReleaseScriptingObjects (0ms)
		CreateAndSetChildDomain (1ms)
	RebuildCommonClasses (35ms)
	RebuildNativeTypeToScriptingClass (11ms)
	initialDomainReloadingComplete (54ms)
	LoadAllAssembliesAndSetupDomain (157ms)
		LoadAssemblies (126ms)
		RebuildTransferFunctionScriptingTraits (0ms)
		AnalyzeDomain (152ms)
			TypeCache.Refresh (150ms)
				TypeCache.ScanAssembly (135ms)
			ScanForSourceGeneratedMonoScriptInfo (0ms)
			ResolveRequiredComponents (0ms)
	FinalizeReload (2095ms)
		ReleaseScriptCaches (0ms)
		RebuildScriptCaches (0ms)
		SetupLoadedEditorAssemblies (2030ms)
			LogAssemblyErrors (0ms)
			InitializePlatformSupportModulesInManaged (1888ms)
			SetLoadedEditorAssemblies (3ms)
			RefreshPlugins (0ms)
			BeforeProcessingInitializeOnLoad (2ms)
			ProcessInitializeOnLoadAttributes (91ms)
			ProcessInitializeOnLoadMethodAttributes (45ms)
			AfterProcessingInitializeOnLoad (0ms)
			EditorAssembliesLoaded (0ms)
		ExecutionOrderSort2 (0ms)
		AwakeInstancesAfterBackupRestoration (0ms)
========================================================================
Worker process is ready to serve import requests
Begin MonoManager ReloadAssembly
- Loaded All Assemblies, in  0.708 seconds
Refreshing native plugins compatible for Editor in 4.72 ms, found 4 plugins.
Native extension for WindowsStandalone target not found
Native extension for iOS target not found
Native extension for Android target not found
Native extension for WebGL target not found
Package Manager log level set to [2]
[Package Manager] Server::EnsureServerProcessIsRunning -- launch failed, reason: Unity was launched with the -noUpm command-line argument
[Package Manager] UpmClient::Send -- Unable to send message (not connected to UPM process).
[Package Manager] Cannot connect to Unity Package Manager local server
Mono: successfully reloaded assembly
- Finished resetting the current domain, in  0.628 seconds
Domain Reload Profiling: 1336ms
	BeginReloadAssembly (165ms)
		ExecutionOrderSort (0ms)
		DisableScriptedObjects (5ms)
		BackupInstance (0ms)
		ReleaseScriptingObjects (0ms)
		CreateAndSetChildDomain (28ms)
	RebuildCommonClasses (41ms)
	RebuildNativeTypeToScriptingClass (11ms)
	initialDomainReloadingComplete (37ms)
	LoadAllAssembliesAndSetupDomain (453ms)
		LoadAssemblies (370ms)
		RebuildTransferFunctionScriptingTraits (0ms)
		AnalyzeDomain (185ms)
			TypeCache.Refresh (157ms)
				TypeCache.ScanAssembly (139ms)
			ScanForSourceGeneratedMonoScriptInfo (20ms)
			ResolveRequiredComponents (6ms)
	FinalizeReload (628ms)
		ReleaseScriptCaches (0ms)
		RebuildScriptCaches (0ms)
		SetupLoadedEditorAssemblies (462ms)
			LogAssemblyErrors (0ms)
			InitializePlatformSupportModulesInManaged (31ms)
			SetLoadedEditorAssemblies (3ms)
			RefreshPlugins (0ms)
			BeforeProcessingInitializeOnLoad (58ms)
			ProcessInitializeOnLoadAttributes (320ms)
			ProcessInitializeOnLoadMethodAttributes (47ms)
			AfterProcessingInitializeOnLoad (2ms)
			EditorAssembliesLoaded (0ms)
		ExecutionOrderSort2 (0ms)
		AwakeInstancesAfterBackupRestoration (10ms)
Shader 'Custom/WaterFillEffect': fallback shader 'Transparent' not found
Launched and connected shader compiler UnityShaderCompiler.exe after 0.03 seconds
Refreshing native plugins compatible for Editor in 5.35 ms, found 4 plugins.
Preloading 0 native plugins for Editor in 0.00 ms.
Unloading 4067 Unused Serialized files (Serialized files now loaded: 0)
Unloading 70 unused Assets / (61.9 KB). Loaded Objects now: 4538.
Memory consumption went from 150.3 MB to 150.2 MB.
Total: 3.578300 ms (FindLiveObjects: 0.320400 ms CreateObjectMapping: 0.125000 ms MarkObjects: 3.003400 ms  DeleteObjects: 0.128600 ms)

AssetImportParameters requested are different than current active one (requested -> active):
  custom:container-demuxer-ogg: 62fdf1f143b41e24485cea50d1cbac27 -> 
  custom:video-decoder-ogg-theora: a1e56fd34408186e4bbccfd4996cb3dc -> 
  custom:framework-win-MediaFoundation: 216162199b28c13a410421893ffa2e32 -> 
  custom:container-demuxer-webm: 4f35f7cbe854078d1ac9338744f61a02 -> 
  custom:container-muxer-webm: aa71ff27fc2769a1b78a27578f13a17b -> 
  custom:video-decoder-webm-vp8: 9c59270c3fd7afecdb556c50c9e8de78 -> 
  custom:AudioImporter_EditorPlatform: d09bf68614088b80899f8185d706f6e7 -> 
  custom:video-encoder-webm-vp8: eb34c28f22e8b96e1ab97ce403110664 -> 
  custom:audio-decoder-ogg-vorbis: bf7c407c2cedff20999df2af8eb42d56 -> 
  custom:audio-encoder-webm-vorbis: bf7c407c2cedff20999df2af8eb42d56 -> 
========================================================================
Received Import Request.
  Time since last request: 355229.880919 seconds.
  path: Assets/Scenes/Play.unity
  artifactKey: Guid(2cda990e2423bbf4892e6590ba056729) Importer(815301076,1909f56bfc062723c751e8b465ee728b)
Start importing Assets/Scenes/Play.unity using Guid(2cda990e2423bbf4892e6590ba056729) Importer(815301076,1909f56bfc062723c751e8b465ee728b)  -> (artifact id: '40e71ea80d5773f028c85887252d1591') in 0.002699 seconds
Number of updated asset objects reloaded before import = 0
Number of asset objects unloaded after import = 0
========================================================================
Received Prepare
Begin MonoManager ReloadAssembly
- Loaded All Assemblies, in  0.515 seconds
Refreshing native plugins compatible for Editor in 5.68 ms, found 4 plugins.
Native extension for WindowsStandalone target not found
Native extension for iOS target not found
Native extension for Android target not found
Native extension for WebGL target not found
[Package Manager] Server::EnsureServerProcessIsRunning -- launch failed, reason: Unity was launched with the -noUpm command-line argument
[Package Manager] UpmClient::Send -- Unable to send message (not connected to UPM process).
[Package Manager] Cannot connect to Unity Package Manager local server
Mono: successfully reloaded assembly
- Finished resetting the current domain, in  1.001 seconds
Domain Reload Profiling: 1516ms
	BeginReloadAssembly (176ms)
		ExecutionOrderSort (0ms)
		DisableScriptedObjects (10ms)
		BackupInstance (0ms)
		ReleaseScriptingObjects (0ms)
		CreateAndSetChildDomain (36ms)
	RebuildCommonClasses (33ms)
	RebuildNativeTypeToScriptingClass (11ms)
	initialDomainReloadingComplete (27ms)
	LoadAllAssembliesAndSetupDomain (267ms)
		LoadAssemblies (357ms)
		RebuildTransferFunctionScriptingTraits (0ms)
		AnalyzeDomain (13ms)
			TypeCache.Refresh (7ms)
				TypeCache.ScanAssembly (0ms)
			ScanForSourceGeneratedMonoScriptInfo (0ms)
			ResolveRequiredComponents (5ms)
	FinalizeReload (1002ms)
		ReleaseScriptCaches (0ms)
		RebuildScriptCaches (0ms)
		SetupLoadedEditorAssemblies (396ms)
			LogAssemblyErrors (0ms)
			InitializePlatformSupportModulesInManaged (36ms)
			SetLoadedEditorAssemblies (4ms)
			RefreshPlugins (0ms)
			BeforeProcessingInitializeOnLoad (63ms)
			ProcessInitializeOnLoadAttributes (259ms)
			ProcessInitializeOnLoadMethodAttributes (31ms)
			AfterProcessingInitializeOnLoad (3ms)
			EditorAssembliesLoaded (0ms)
		ExecutionOrderSort2 (0ms)
		AwakeInstancesAfterBackupRestoration (14ms)
Shader 'Custom/WaterFillEffect': fallback shader 'Transparent' not found
Refreshing native plugins compatible for Editor in 5.31 ms, found 4 plugins.
Preloading 0 native plugins for Editor in 0.00 ms.
Unloading 4053 Unused Serialized files (Serialized files now loaded: 0)
Unloading 42 unused Assets / (36.7 KB). Loaded Objects now: 4543.
Memory consumption went from 147.8 MB to 147.8 MB.
Total: 4.306400 ms (FindLiveObjects: 0.469900 ms CreateObjectMapping: 0.127900 ms MarkObjects: 3.609900 ms  DeleteObjects: 0.097100 ms)

Prepare: number of updated asset objects reloaded= 0
AssetImportParameters requested are different than current active one (requested -> active):
  custom:container-demuxer-ogg: 62fdf1f143b41e24485cea50d1cbac27 -> 
  custom:video-decoder-ogg-theora: a1e56fd34408186e4bbccfd4996cb3dc -> 
  custom:framework-win-MediaFoundation: 216162199b28c13a410421893ffa2e32 -> 
  custom:CustomObjectIndexerAttribute: 756ad292c208cfabdd7b50bc23989ffe -> 
  custom:container-demuxer-webm: 4f35f7cbe854078d1ac9338744f61a02 -> 
  custom:container-muxer-webm: aa71ff27fc2769a1b78a27578f13a17b -> 
  custom:video-decoder-webm-vp8: 9c59270c3fd7afecdb556c50c9e8de78 -> 
  custom:SearchIndexIgnoredProperties: e643bd26f0fe6173181afceb89e7c659 -> 
  custom:AudioImporter_EditorPlatform: d09bf68614088b80899f8185d706f6e7 -> 
  custom:video-encoder-webm-vp8: eb34c28f22e8b96e1ab97ce403110664 -> 
  custom:audio-decoder-ogg-vorbis: bf7c407c2cedff20999df2af8eb42d56 -> 
  custom:audio-encoder-webm-vorbis: bf7c407c2cedff20999df2af8eb42d56 -> 
========================================================================
Received Import Request.
  Time since last request: 27.587232 seconds.
  path: Assets/Prefs/Fillpart.prefab
  artifactKey: Guid(369c189496a6c0a468dfe447ef8a842a) Importer(815301076,1909f56bfc062723c751e8b465ee728b)
Start importing Assets/Prefs/Fillpart.prefab using Guid(369c189496a6c0a468dfe447ef8a842a) Importer(815301076,1909f56bfc062723c751e8b465ee728b)  -> (artifact id: 'd1364081defef4ebbc14f1f9e29ed57d') in 0.069377 seconds
Number of updated asset objects reloaded before import = 0
Number of asset objects unloaded after import = 9
========================================================================
Received Import Request.
  Time since last request: 9.368797 seconds.
  path: Assets/Epic Toon FX/Materials/Misc/Liquid/splat02_animated_3x3_AB.mat
  artifactKey: Guid(f7c5949bd4fc39b4da8b55816f159297) Importer(815301076,1909f56bfc062723c751e8b465ee728b)
Start importing Assets/Epic Toon FX/Materials/Misc/Liquid/splat02_animated_3x3_AB.mat using Guid(f7c5949bd4fc39b4da8b55816f159297) Importer(815301076,1909f56bfc062723c751e8b465ee728b)  -> (artifact id: '69da8ff53fabd2e2e7567b73625f441b') in 0.105630 seconds
Number of updated asset objects reloaded before import = 0
Number of asset objects unloaded after import = 2
========================================================================
Received Import Request.
  Time since last request: 9.050183 seconds.
  path: Assets/Resources/DOTweenSettings.asset
  artifactKey: Guid(3b8bb12c5e479e14eaada7bc9bc2ad98) Importer(815301076,1909f56bfc062723c751e8b465ee728b)
Start importing Assets/Resources/DOTweenSettings.asset using Guid(3b8bb12c5e479e14eaada7bc9bc2ad98) Importer(815301076,1909f56bfc062723c751e8b465ee728b)  -> (artifact id: 'ab9fc0fec1d0ab49314aad982cbbb4b1') in 0.001698 seconds
Number of updated asset objects reloaded before import = 0
Number of asset objects unloaded after import = 1
========================================================================
Received Import Request.
  Time since last request: 6.166429 seconds.
  path: Assets/BloodExplosionRoundAnimated.prefab
  artifactKey: Guid(35f4b60c8c4f9ad4a8af0ef58b07fa3b) Importer(815301076,1909f56bfc062723c751e8b465ee728b)
Start importing Assets/BloodExplosionRoundAnimated.prefab using Guid(35f4b60c8c4f9ad4a8af0ef58b07fa3b) Importer(815301076,1909f56bfc062723c751e8b465ee728b)  -> (artifact id: 'dcc85203066f30820660a61993be2a76') in 0.022127 seconds
Number of updated asset objects reloaded before import = 0
Number of asset objects unloaded after import = 14
========================================================================
Received Import Request.
  Time since last request: 2.020117 seconds.
  path: Assets/Sprit/mixer/part 2.1.png
  artifactKey: Guid(1198113d03f4eb347881b67e17589d12) Importer(815301076,1909f56bfc062723c751e8b465ee728b)
Start importing Assets/Sprit/mixer/part 2.1.png using Guid(1198113d03f4eb347881b67e17589d12) Importer(815301076,1909f56bfc062723c751e8b465ee728b)  -> (artifact id: '14b11a278c55a0d7376ed8596408b022') in 0.036744 seconds
Number of updated asset objects reloaded before import = 0
Number of asset objects unloaded after import = 3
========================================================================
Received Import Request.
  Time since last request: 4.045368 seconds.
  path: Assets/SpriteFill.shader
  artifactKey: Guid(4fa7809155d020848ba845fd9b1736ad) Importer(815301076,1909f56bfc062723c751e8b465ee728b)
Start importing Assets/SpriteFill.shader using Guid(4fa7809155d020848ba845fd9b1736ad) Importer(815301076,1909f56bfc062723c751e8b465ee728b)  -> (artifact id: '4e46092cec1b208cfdfde0ee172ef5b8') in 0.000771 seconds
Number of updated asset objects reloaded before import = 0
Number of asset objects unloaded after import = 0
========================================================================
Received Prepare
Begin MonoManager ReloadAssembly
- Loaded All Assemblies, in  0.651 seconds
Refreshing native plugins compatible for Editor in 7.02 ms, found 4 plugins.
Native extension for WindowsStandalone target not found
Native extension for iOS target not found
Native extension for Android target not found
Native extension for WebGL target not found
[Package Manager] Server::EnsureServerProcessIsRunning -- launch failed, reason: Unity was launched with the -noUpm command-line argument
[Package Manager] UpmClient::Send -- Unable to send message (not connected to UPM process).
[Package Manager] Cannot connect to Unity Package Manager local server
Mono: successfully reloaded assembly
- Finished resetting the current domain, in  1.114 seconds
Domain Reload Profiling: 1764ms
	BeginReloadAssembly (234ms)
		ExecutionOrderSort (0ms)
		DisableScriptedObjects (10ms)
		BackupInstance (0ms)
		ReleaseScriptingObjects (0ms)
		CreateAndSetChildDomain (46ms)
	RebuildCommonClasses (53ms)
	RebuildNativeTypeToScriptingClass (17ms)
	initialDomainReloadingComplete (38ms)
	LoadAllAssembliesAndSetupDomain (307ms)
		LoadAssemblies (434ms)
		RebuildTransferFunctionScriptingTraits (0ms)
		AnalyzeDomain (19ms)
			TypeCache.Refresh (9ms)
				TypeCache.ScanAssembly (0ms)
			ScanForSourceGeneratedMonoScriptInfo (0ms)
			ResolveRequiredComponents (7ms)
	FinalizeReload (1114ms)
		ReleaseScriptCaches (0ms)
		RebuildScriptCaches (0ms)
		SetupLoadedEditorAssemblies (419ms)
			LogAssemblyErrors (0ms)
			InitializePlatformSupportModulesInManaged (32ms)
			SetLoadedEditorAssemblies (3ms)
			RefreshPlugins (0ms)
			BeforeProcessingInitializeOnLoad (59ms)
			ProcessInitializeOnLoadAttributes (284ms)
			ProcessInitializeOnLoadMethodAttributes (37ms)
			AfterProcessingInitializeOnLoad (3ms)
			EditorAssembliesLoaded (0ms)
		ExecutionOrderSort2 (0ms)
		AwakeInstancesAfterBackupRestoration (17ms)
Shader 'Custom/WaterFillEffect': fallback shader 'Transparent' not found
Refreshing native plugins compatible for Editor in 5.48 ms, found 4 plugins.
Preloading 0 native plugins for Editor in 0.00 ms.
Unloading 4053 Unused Serialized files (Serialized files now loaded: 0)
Unloading 42 unused Assets / (35.7 KB). Loaded Objects now: 4591.
Memory consumption went from 150.3 MB to 150.2 MB.
Total: 4.097800 ms (FindLiveObjects: 0.459200 ms CreateObjectMapping: 0.129400 ms MarkObjects: 3.424200 ms  DeleteObjects: 0.083600 ms)

Prepare: number of updated asset objects reloaded= 0
AssetImportParameters requested are different than current active one (requested -> active):
  custom:container-demuxer-ogg: 62fdf1f143b41e24485cea50d1cbac27 -> 
  custom:video-decoder-ogg-theora: a1e56fd34408186e4bbccfd4996cb3dc -> 
  custom:framework-win-MediaFoundation: 216162199b28c13a410421893ffa2e32 -> 
  custom:CustomObjectIndexerAttribute: 756ad292c208cfabdd7b50bc23989ffe -> 
  custom:container-demuxer-webm: 4f35f7cbe854078d1ac9338744f61a02 -> 
  custom:container-muxer-webm: aa71ff27fc2769a1b78a27578f13a17b -> 
  custom:video-decoder-webm-vp8: 9c59270c3fd7afecdb556c50c9e8de78 -> 
  custom:SearchIndexIgnoredProperties: e643bd26f0fe6173181afceb89e7c659 -> 
  custom:AudioImporter_EditorPlatform: d09bf68614088b80899f8185d706f6e7 -> 
  custom:video-encoder-webm-vp8: eb34c28f22e8b96e1ab97ce403110664 -> 
  custom:audio-decoder-ogg-vorbis: bf7c407c2cedff20999df2af8eb42d56 -> 
  custom:audio-encoder-webm-vorbis: bf7c407c2cedff20999df2af8eb42d56 -> 
========================================================================
Received Import Request.
  Time since last request: 356.445621 seconds.
  path: Assets/Prefs/Fruits/full_apple.prefab
  artifactKey: Guid(52e05338cfc5a094cb2cc208e2c83876) Importer(815301076,1909f56bfc062723c751e8b465ee728b)
Start importing Assets/Prefs/Fruits/full_apple.prefab using Guid(52e05338cfc5a094cb2cc208e2c83876) Importer(815301076,1909f56bfc062723c751e8b465ee728b)  -> (artifact id: 'faa05bfbf1fa7c1b474dc2faa71bba27') in 0.114876 seconds
Number of updated asset objects reloaded before import = 0
Number of asset objects unloaded after import = 35
========================================================================
Received Import Request.
  Time since last request: 0.000021 seconds.
  path: Assets/Prefs/Fruits/full_watermelon.prefab
  artifactKey: Guid(d3860c5e883d84742adac9dee6b40a53) Importer(815301076,1909f56bfc062723c751e8b465ee728b)
Start importing Assets/Prefs/Fruits/full_watermelon.prefab using Guid(d3860c5e883d84742adac9dee6b40a53) Importer(815301076,1909f56bfc062723c751e8b465ee728b)  -> (artifact id: 'dba624896311d79c02a2e727eb641999') in 0.026039 seconds
Number of updated asset objects reloaded before import = 0
Number of asset objects unloaded after import = 35
========================================================================
Received Import Request.
  Time since last request: 0.000036 seconds.
  path: Assets/Prefs/Fruits/full_peach.prefab
  artifactKey: Guid(cb3400b888543b842aadf8031e6bfdd9) Importer(815301076,1909f56bfc062723c751e8b465ee728b)
Start importing Assets/Prefs/Fruits/full_peach.prefab using Guid(cb3400b888543b842aadf8031e6bfdd9) Importer(815301076,1909f56bfc062723c751e8b465ee728b)  -> (artifact id: 'ef1baafb92164f69aa8e7473a993e669') in 0.017086 seconds
Number of updated asset objects reloaded before import = 0
Number of asset objects unloaded after import = 21
========================================================================
Received Import Request.
  Time since last request: 0.000019 seconds.
  path: Assets/Prefs/Fruits/full_lemon.prefab
  artifactKey: Guid(14650bcea8e99544497e5b033bbbc1d0) Importer(815301076,1909f56bfc062723c751e8b465ee728b)
Start importing Assets/Prefs/Fruits/full_lemon.prefab using Guid(14650bcea8e99544497e5b033bbbc1d0) Importer(815301076,1909f56bfc062723c751e8b465ee728b)  -> (artifact id: '153f6f189502e4a9ca0e89a5e3f06db3') in 0.018024 seconds
Number of updated asset objects reloaded before import = 0
Number of asset objects unloaded after import = 35
========================================================================
Received Import Request.
  Time since last request: 3.648055 seconds.
  path: Assets/Sprit/apple/full_apple.png
  artifactKey: Guid(ca71bcd8b9f0480479c8faac7f7b3025) Importer(815301076,1909f56bfc062723c751e8b465ee728b)
Start importing Assets/Sprit/apple/full_apple.png using Guid(ca71bcd8b9f0480479c8faac7f7b3025) Importer(815301076,1909f56bfc062723c751e8b465ee728b)  -> (artifact id: '10858ca411f44770282c92bda0aa4f70') in 0.040954 seconds
Number of updated asset objects reloaded before import = 0
Number of asset objects unloaded after import = 3
========================================================================
Received Import Request.
  Time since last request: 0.000020 seconds.
  path: Assets/Sprit/apple/half_apple - Copy.png
  artifactKey: Guid(e8ddf9f5a91fbad47a72c2cb19e97a1a) Importer(815301076,1909f56bfc062723c751e8b465ee728b)
Start importing Assets/Sprit/apple/half_apple - Copy.png using Guid(e8ddf9f5a91fbad47a72c2cb19e97a1a) Importer(815301076,1909f56bfc062723c751e8b465ee728b)  -> (artifact id: '8d73caf9f54668875a50bbef6a35890e') in 0.017756 seconds
Number of updated asset objects reloaded before import = 0
Number of asset objects unloaded after import = 3
========================================================================
Received Import Request.
  Time since last request: 29.832590 seconds.
  path: Assets/Sprit/apple/half_apple.png
  artifactKey: Guid(76bdedf50540fe546b04dd43f33fbed9) Importer(815301076,1909f56bfc062723c751e8b465ee728b)
Start importing Assets/Sprit/apple/half_apple.png using Guid(76bdedf50540fe546b04dd43f33fbed9) Importer(815301076,1909f56bfc062723c751e8b465ee728b)  -> (artifact id: '3ab58af6b8b1b6d07bb0dee121d85ec8') in 0.019288 seconds
Number of updated asset objects reloaded before import = 0
Number of asset objects unloaded after import = 3
========================================================================
Received Import Request.
  Time since last request: 8.300623 seconds.
  path: Assets/Sprit/kiwi/half_kiwi.png
  artifactKey: Guid(58a180b1331b459489cfd1cd956d06dc) Importer(815301076,1909f56bfc062723c751e8b465ee728b)
Start importing Assets/Sprit/kiwi/half_kiwi.png using Guid(58a180b1331b459489cfd1cd956d06dc) Importer(815301076,1909f56bfc062723c751e8b465ee728b)  -> (artifact id: '6237c4a42eca16c2e588518da2eaa554') in 0.030197 seconds
Number of updated asset objects reloaded before import = 0
Number of asset objects unloaded after import = 3
========================================================================
Received Import Request.
  Time since last request: 14.428742 seconds.
  path: Assets/Sprit/kiwi/half_kiwi.png
  artifactKey: Guid(58a180b1331b459489cfd1cd956d06dc) Importer(815301076,1909f56bfc062723c751e8b465ee728b)
Start importing Assets/Sprit/kiwi/half_kiwi.png using Guid(58a180b1331b459489cfd1cd956d06dc) Importer(815301076,1909f56bfc062723c751e8b465ee728b)  -> (artifact id: '7082d0a97e5b9e9c149b6046ad891ff2') in 0.017740 seconds
Number of updated asset objects reloaded before import = 0
Number of asset objects unloaded after import = 3
========================================================================
Received Import Request.
  Time since last request: 3.113864 seconds.
  path: Assets/Sprit/knife/knife_2.png
  artifactKey: Guid(e4a67594af569974a860c7d9d68c604d) Importer(815301076,1909f56bfc062723c751e8b465ee728b)
Start importing Assets/Sprit/knife/knife_2.png using Guid(e4a67594af569974a860c7d9d68c604d) Importer(815301076,1909f56bfc062723c751e8b465ee728b)  -> (artifact id: '82c0a269a257a296de931527db8ac67c') in 0.024396 seconds
Number of updated asset objects reloaded before import = 0
Number of asset objects unloaded after import = 3
========================================================================
Received Import Request.
  Time since last request: 0.000019 seconds.
  path: Assets/Sprit/knife/knife_8.png
  artifactKey: Guid(76a42bb0827f1004fa415e41e7f245f2) Importer(815301076,1909f56bfc062723c751e8b465ee728b)
Start importing Assets/Sprit/knife/knife_8.png using Guid(76a42bb0827f1004fa415e41e7f245f2) Importer(815301076,1909f56bfc062723c751e8b465ee728b)  -> (artifact id: 'a9489ba8064b74bce75a9c8612b6e810') in 0.024767 seconds
Number of updated asset objects reloaded before import = 0
Number of asset objects unloaded after import = 3
========================================================================
Received Import Request.
  Time since last request: 1.604722 seconds.
  path: Assets/Sprit/mango/half_mango.png
  artifactKey: Guid(cbefe217c8ba05f45a4a1b640f32c268) Importer(815301076,1909f56bfc062723c751e8b465ee728b)
Start importing Assets/Sprit/mango/half_mango.png using Guid(cbefe217c8ba05f45a4a1b640f32c268) Importer(815301076,1909f56bfc062723c751e8b465ee728b)  -> (artifact id: '776c705cb95ab0331a2cb4ea5178e8c3') in 0.022156 seconds
Number of updated asset objects reloaded before import = 0
Number of asset objects unloaded after import = 3
========================================================================
Received Import Request.
  Time since last request: 6.784762 seconds.
  path: Assets/Sprit/lemon/half_lemon.png
  artifactKey: Guid(a1cd5b4ab1d21a7429cb8448cee884e5) Importer(815301076,1909f56bfc062723c751e8b465ee728b)
Start importing Assets/Sprit/lemon/half_lemon.png using Guid(a1cd5b4ab1d21a7429cb8448cee884e5) Importer(815301076,1909f56bfc062723c751e8b465ee728b)  -> (artifact id: '89fadbdadd9c09d1a1cf9df2e3c7c260') in 0.028757 seconds
Number of updated asset objects reloaded before import = 0
Number of asset objects unloaded after import = 3
========================================================================
Received Import Request.
  Time since last request: 10.020533 seconds.
  path: Assets/Sprit/lemon/half_lemon.png
  artifactKey: Guid(a1cd5b4ab1d21a7429cb8448cee884e5) Importer(815301076,1909f56bfc062723c751e8b465ee728b)
Start importing Assets/Sprit/lemon/half_lemon.png using Guid(a1cd5b4ab1d21a7429cb8448cee884e5) Importer(815301076,1909f56bfc062723c751e8b465ee728b)  -> (artifact id: '691f8f3deb48fcc4169ca48aa2897222') in 0.019925 seconds
Number of updated asset objects reloaded before import = 0
Number of asset objects unloaded after import = 3
========================================================================
Received Import Request.
  Time since last request: 35.090433 seconds.
  path: Assets/Sprit/mango/half_mango.png
  artifactKey: Guid(cbefe217c8ba05f45a4a1b640f32c268) Importer(815301076,1909f56bfc062723c751e8b465ee728b)
Start importing Assets/Sprit/mango/half_mango.png using Guid(cbefe217c8ba05f45a4a1b640f32c268) Importer(815301076,1909f56bfc062723c751e8b465ee728b)  -> (artifact id: 'b2105e48cca2833854177fcb289505a8') in 0.020088 seconds
Number of updated asset objects reloaded before import = 0
Number of asset objects unloaded after import = 3
========================================================================
Received Import Request.
  Time since last request: 7.952683 seconds.
  path: Assets/Sprit/orange/half_orange.png
  artifactKey: Guid(ab2596fca1b122f41b1a57e96dd01eb4) Importer(815301076,1909f56bfc062723c751e8b465ee728b)
Start importing Assets/Sprit/orange/half_orange.png using Guid(ab2596fca1b122f41b1a57e96dd01eb4) Importer(815301076,1909f56bfc062723c751e8b465ee728b)  -> (artifact id: '6db9416a561203ac0d6caaf23f9946b6') in 0.026962 seconds
Number of updated asset objects reloaded before import = 0
Number of asset objects unloaded after import = 3
========================================================================
Received Import Request.
  Time since last request: 30.877180 seconds.
  path: Assets/Sprit/orange/half_orange.png
  artifactKey: Guid(ab2596fca1b122f41b1a57e96dd01eb4) Importer(815301076,1909f56bfc062723c751e8b465ee728b)
Start importing Assets/Sprit/orange/half_orange.png using Guid(ab2596fca1b122f41b1a57e96dd01eb4) Importer(815301076,1909f56bfc062723c751e8b465ee728b)  -> (artifact id: 'e1c9d522cc72fbc86d070bf4d58b002c') in 0.019470 seconds
Number of updated asset objects reloaded before import = 0
Number of asset objects unloaded after import = 3
========================================================================
Received Import Request.
  Time since last request: 3.354430 seconds.
  path: Assets/Sprit/peach/half_peach.png
  artifactKey: Guid(f06153f6314b3984aa44fd25e3c7b7cf) Importer(815301076,1909f56bfc062723c751e8b465ee728b)
Start importing Assets/Sprit/peach/half_peach.png using Guid(f06153f6314b3984aa44fd25e3c7b7cf) Importer(815301076,1909f56bfc062723c751e8b465ee728b)  -> (artifact id: '65144fe9ca5e73af236014fe7acded00') in 0.025794 seconds
Number of updated asset objects reloaded before import = 0
Number of asset objects unloaded after import = 3
========================================================================
Received Import Request.
  Time since last request: 36.613156 seconds.
  path: Assets/Sprit/peach/half_peach.png
  artifactKey: Guid(f06153f6314b3984aa44fd25e3c7b7cf) Importer(815301076,1909f56bfc062723c751e8b465ee728b)
Start importing Assets/Sprit/peach/half_peach.png using Guid(f06153f6314b3984aa44fd25e3c7b7cf) Importer(815301076,1909f56bfc062723c751e8b465ee728b)  -> (artifact id: 'a8098346434cb2e7dbbda7ca7f4c5474') in 0.019429 seconds
Number of updated asset objects reloaded before import = 0
Number of asset objects unloaded after import = 3
========================================================================
Received Import Request.
  Time since last request: 2.307739 seconds.
  path: Assets/Sprit/pear/half_pear.png
  artifactKey: Guid(bdd730e52d2db4b4bb551f26439739a9) Importer(815301076,1909f56bfc062723c751e8b465ee728b)
Start importing Assets/Sprit/pear/half_pear.png using Guid(bdd730e52d2db4b4bb551f26439739a9) Importer(815301076,1909f56bfc062723c751e8b465ee728b)  -> (artifact id: '3a69c2e2c7d9788fe6d490c4ed56394e') in 0.020187 seconds
Number of updated asset objects reloaded before import = 0
Number of asset objects unloaded after import = 3
========================================================================
Received Import Request.
  Time since last request: 24.090513 seconds.
  path: Assets/Sprit/pineapple/half_pineapple.png
  artifactKey: Guid(422ac56a57cd5334ea945200e924619e) Importer(815301076,1909f56bfc062723c751e8b465ee728b)
Start importing Assets/Sprit/pineapple/half_pineapple.png using Guid(422ac56a57cd5334ea945200e924619e) Importer(815301076,1909f56bfc062723c751e8b465ee728b)  -> (artifact id: '56abeb78620d88090ca68c2f8ef50a83') in 0.023803 seconds
Number of updated asset objects reloaded before import = 0
Number of asset objects unloaded after import = 3
========================================================================
Received Import Request.
  Time since last request: 28.973851 seconds.
  path: Assets/Sprit/pineapple/half_pineapple.png
  artifactKey: Guid(422ac56a57cd5334ea945200e924619e) Importer(815301076,1909f56bfc062723c751e8b465ee728b)
Start importing Assets/Sprit/pineapple/half_pineapple.png using Guid(422ac56a57cd5334ea945200e924619e) Importer(815301076,1909f56bfc062723c751e8b465ee728b)  -> (artifact id: '675c793129612de5d410c5699c71c37b') in 0.017568 seconds
Number of updated asset objects reloaded before import = 0
Number of asset objects unloaded after import = 3
========================================================================
Received Import Request.
  Time since last request: 3.999026 seconds.
  path: Assets/Sprit/shurikens/shurikens_2.png
  artifactKey: Guid(4f1ed90ec18c45040a069ceefcf94890) Importer(815301076,1909f56bfc062723c751e8b465ee728b)
Start importing Assets/Sprit/shurikens/shurikens_2.png using Guid(4f1ed90ec18c45040a069ceefcf94890) Importer(815301076,1909f56bfc062723c751e8b465ee728b)  -> (artifact id: '226fd3113a145fccbfabe72fa037a10a') in 0.026226 seconds
Number of updated asset objects reloaded before import = 0
Number of asset objects unloaded after import = 3
========================================================================
Received Import Request.
  Time since last request: 0.000035 seconds.
  path: Assets/Sprit/shurikens/shurikens_5.png
  artifactKey: Guid(f34a213bebeb0294995f508ee15f42ee) Importer(815301076,1909f56bfc062723c751e8b465ee728b)
Start importing Assets/Sprit/shurikens/shurikens_5.png using Guid(f34a213bebeb0294995f508ee15f42ee) Importer(815301076,1909f56bfc062723c751e8b465ee728b)  -> (artifact id: 'ad6db577f504cb1746d543954e05d9ba') in 0.031888 seconds
Number of updated asset objects reloaded before import = 0
Number of asset objects unloaded after import = 3
========================================================================
Received Import Request.
  Time since last request: 0.000017 seconds.
  path: Assets/Sprit/shurikens/shurikens_7.png
  artifactKey: Guid(6a8fa5ef44dbb6d45973f95a1c941719) Importer(815301076,1909f56bfc062723c751e8b465ee728b)
Start importing Assets/Sprit/shurikens/shurikens_7.png using Guid(6a8fa5ef44dbb6d45973f95a1c941719) Importer(815301076,1909f56bfc062723c751e8b465ee728b)  -> (artifact id: '507753579212121a5c6158d3ff6ff80c') in 0.024668 seconds
Number of updated asset objects reloaded before import = 0
Number of asset objects unloaded after import = 3
========================================================================
Received Import Request.
  Time since last request: 1.026749 seconds.
  path: Assets/Sprit/strawberry/half_strawberry.png
  artifactKey: Guid(5bb97efdcaf1e564787969bb6bef0f68) Importer(815301076,1909f56bfc062723c751e8b465ee728b)
Start importing Assets/Sprit/strawberry/half_strawberry.png using Guid(5bb97efdcaf1e564787969bb6bef0f68) Importer(815301076,1909f56bfc062723c751e8b465ee728b)  -> (artifact id: '40ce32f12948611ff7c9dd2b051a2036') in 0.023404 seconds
Number of updated asset objects reloaded before import = 0
Number of asset objects unloaded after import = 3
========================================================================
Received Import Request.
  Time since last request: 22.348222 seconds.
  path: Assets/Sprit/strawberry/half_strawberry2.png
  artifactKey: Guid(fd0603b94e2ddc446bf04ea15dc217aa) Importer(815301076,1909f56bfc062723c751e8b465ee728b)
Start importing Assets/Sprit/strawberry/half_strawberry2.png using Guid(fd0603b94e2ddc446bf04ea15dc217aa) Importer(815301076,1909f56bfc062723c751e8b465ee728b)  -> (artifact id: 'e97875784f815a221dda1ed92b6eabdc') in 0.018105 seconds
Number of updated asset objects reloaded before import = 0
Number of asset objects unloaded after import = 3
========================================================================
Received Import Request.
  Time since last request: 1.592007 seconds.
  path: Assets/Sprit/watermelon/half_watermelon2.png
  artifactKey: Guid(97a6d446ff23ea54baa7ebcb9c69d0d4) Importer(815301076,1909f56bfc062723c751e8b465ee728b)
Start importing Assets/Sprit/watermelon/half_watermelon2.png using Guid(97a6d446ff23ea54baa7ebcb9c69d0d4) Importer(815301076,1909f56bfc062723c751e8b465ee728b)  -> (artifact id: 'efe0212d756c9aa691744e805e7123c5') in 0.020333 seconds
Number of updated asset objects reloaded before import = 0
Number of asset objects unloaded after import = 3
========================================================================
Received Import Request.
  Time since last request: 13.931253 seconds.
  path: Assets/Sprit/watermelon/half_watermelon2.png
  artifactKey: Guid(97a6d446ff23ea54baa7ebcb9c69d0d4) Importer(815301076,1909f56bfc062723c751e8b465ee728b)
Start importing Assets/Sprit/watermelon/half_watermelon2.png using Guid(97a6d446ff23ea54baa7ebcb9c69d0d4) Importer(815301076,1909f56bfc062723c751e8b465ee728b)  -> (artifact id: '663fbda216733039862aba5e8d3e8836') in 0.018303 seconds
Number of updated asset objects reloaded before import = 0
Number of asset objects unloaded after import = 3
========================================================================
Received Prepare
Begin MonoManager ReloadAssembly
- Loaded All Assemblies, in  0.631 seconds
Refreshing native plugins compatible for Editor in 6.62 ms, found 4 plugins.
Native extension for WindowsStandalone target not found
Native extension for iOS target not found
Native extension for Android target not found
Native extension for WebGL target not found
[Package Manager] Server::EnsureServerProcessIsRunning -- launch failed, reason: Unity was launched with the -noUpm command-line argument
[Package Manager] UpmClient::Send -- Unable to send message (not connected to UPM process).
[Package Manager] Cannot connect to Unity Package Manager local server
Mono: successfully reloaded assembly
- Finished resetting the current domain, in  1.150 seconds
Domain Reload Profiling: 1781ms
	BeginReloadAssembly (207ms)
		ExecutionOrderSort (0ms)
		DisableScriptedObjects (12ms)
		BackupInstance (0ms)
		ReleaseScriptingObjects (0ms)
		CreateAndSetChildDomain (56ms)
	RebuildCommonClasses (41ms)
	RebuildNativeTypeToScriptingClass (16ms)
	initialDomainReloadingComplete (34ms)
	LoadAllAssembliesAndSetupDomain (333ms)
		LoadAssemblies (427ms)
		RebuildTransferFunctionScriptingTraits (0ms)
		AnalyzeDomain (17ms)
			TypeCache.Refresh (9ms)
				TypeCache.ScanAssembly (0ms)
			ScanForSourceGeneratedMonoScriptInfo (0ms)
			ResolveRequiredComponents (6ms)
	FinalizeReload (1151ms)
		ReleaseScriptCaches (0ms)
		RebuildScriptCaches (0ms)
		SetupLoadedEditorAssemblies (437ms)
			LogAssemblyErrors (0ms)
			InitializePlatformSupportModulesInManaged (35ms)
			SetLoadedEditorAssemblies (4ms)
			RefreshPlugins (0ms)
			BeforeProcessingInitializeOnLoad (66ms)
			ProcessInitializeOnLoadAttributes (293ms)
			ProcessInitializeOnLoadMethodAttributes (35ms)
			AfterProcessingInitializeOnLoad (3ms)
			EditorAssembliesLoaded (0ms)
		ExecutionOrderSort2 (0ms)
		AwakeInstancesAfterBackupRestoration (16ms)
Shader 'Custom/WaterFillEffect': fallback shader 'Transparent' not found
Refreshing native plugins compatible for Editor in 5.69 ms, found 4 plugins.
Preloading 0 native plugins for Editor in 0.00 ms.
Unloading 4053 Unused Serialized files (Serialized files now loaded: 0)
Unloading 42 unused Assets / (35.8 KB). Loaded Objects now: 4617.
Memory consumption went from 152.3 MB to 152.2 MB.
Total: 4.041800 ms (FindLiveObjects: 0.568000 ms CreateObjectMapping: 0.139700 ms MarkObjects: 3.250800 ms  DeleteObjects: 0.082200 ms)

Prepare: number of updated asset objects reloaded= 0
AssetImportParameters requested are different than current active one (requested -> active):
  custom:container-demuxer-ogg: 62fdf1f143b41e24485cea50d1cbac27 -> 
  custom:video-decoder-ogg-theora: a1e56fd34408186e4bbccfd4996cb3dc -> 
  custom:framework-win-MediaFoundation: 216162199b28c13a410421893ffa2e32 -> 
  custom:CustomObjectIndexerAttribute: 756ad292c208cfabdd7b50bc23989ffe -> 
  custom:container-demuxer-webm: 4f35f7cbe854078d1ac9338744f61a02 -> 
  custom:container-muxer-webm: aa71ff27fc2769a1b78a27578f13a17b -> 
  custom:video-decoder-webm-vp8: 9c59270c3fd7afecdb556c50c9e8de78 -> 
  custom:SearchIndexIgnoredProperties: e643bd26f0fe6173181afceb89e7c659 -> 
  custom:AudioImporter_EditorPlatform: d09bf68614088b80899f8185d706f6e7 -> 
  custom:video-encoder-webm-vp8: eb34c28f22e8b96e1ab97ce403110664 -> 
  custom:audio-decoder-ogg-vorbis: bf7c407c2cedff20999df2af8eb42d56 -> 
  custom:audio-encoder-webm-vorbis: bf7c407c2cedff20999df2af8eb42d56 -> 
