Using pre-set license
Built from '2022.3/staging' branch; Version is '2022.3.11f1 (d00248457e15) revision 13632072'; Using compiler version '192829333'; Build Type 'Release'
OS: 'Windows 11  (10.0.26120) 64bit Professional' Language: 'en' Physical Memory: 16333 MB
BatchMode: 1, IsHumanControllingUs: 0, StartBugReporterOnCrash: 0, Is64bit: 1, IsPro: 1

COMMAND LINE ARGUMENTS:
E:\PROGRAM_SETUP_WINDOWS\UNITY_EDITERS\2022.3.11f1\Editor\Unity.exe
-adb2
-batchMode
-noUpm
-name
AssetImportWorker2
-projectPath
E:/New Git App Gamers/Slash-Fruit
-logFile
Logs/AssetImportWorker2.log
-srvPort
58472
Successfully changed project path to: E:/New Git App Gamers/Slash-Fruit
E:/New Git App Gamers/Slash-Fruit
[UnityMemory] Configuration Parameters - Can be set up in boot.config
    "memorysetup-bucket-allocator-granularity=16"
    "memorysetup-bucket-allocator-bucket-count=8"
    "memorysetup-bucket-allocator-block-size=33554432"
    "memorysetup-bucket-allocator-block-count=8"
    "memorysetup-main-allocator-block-size=16777216"
    "memorysetup-thread-allocator-block-size=16777216"
    "memorysetup-gfx-main-allocator-block-size=16777216"
    "memorysetup-gfx-thread-allocator-block-size=16777216"
    "memorysetup-cache-allocator-block-size=4194304"
    "memorysetup-typetree-allocator-block-size=2097152"
    "memorysetup-profiler-bucket-allocator-granularity=16"
    "memorysetup-profiler-bucket-allocator-bucket-count=8"
    "memorysetup-profiler-bucket-allocator-block-size=33554432"
    "memorysetup-profiler-bucket-allocator-block-count=8"
    "memorysetup-profiler-allocator-block-size=16777216"
    "memorysetup-profiler-editor-allocator-block-size=1048576"
    "memorysetup-temp-allocator-size-main=16777216"
    "memorysetup-job-temp-allocator-block-size=2097152"
    "memorysetup-job-temp-allocator-block-size-background=1048576"
    "memorysetup-job-temp-allocator-reduction-small-platforms=262144"
    "memorysetup-allocator-temp-initial-block-size-main=262144"
    "memorysetup-allocator-temp-initial-block-size-worker=262144"
    "memorysetup-temp-allocator-size-background-worker=32768"
    "memorysetup-temp-allocator-size-job-worker=262144"
    "memorysetup-temp-allocator-size-preload-manager=33554432"
    "memorysetup-temp-allocator-size-nav-mesh-worker=65536"
    "memorysetup-temp-allocator-size-audio-worker=65536"
    "memorysetup-temp-allocator-size-cloud-worker=32768"
    "memorysetup-temp-allocator-size-gi-baking-worker=262144"
    "memorysetup-temp-allocator-size-gfx=262144"
Player connection [30388] Host "[IP] 172.26.240.1 [Port] 0 [Flags] 2 [Guid] 838314502 [EditorId] 838314502 [Version] 1048832 [Id] WindowsEditor(7,DSR) [Debug] 1 [PackageName] WindowsEditor [ProjectName] Editor" joined multi-casting on [225.0.0.222:54997]...

Player connection [30388] Host "[IP] 172.26.240.1 [Port] 0 [Flags] 2 [Guid] 838314502 [EditorId] 838314502 [Version] 1048832 [Id] WindowsEditor(7,DSR) [Debug] 1 [PackageName] WindowsEditor [ProjectName] Editor" joined alternative multi-casting on [225.0.0.222:34997]...

[Physics::Module] Initialized MultithreadedJobDispatcher with 15 workers.
Refreshing native plugins compatible for Editor in 13.28 ms, found 4 plugins.
Preloading 0 native plugins for Editor in 0.00 ms.
Initialize engine version: 2022.3.11f1 (d00248457e15)
[Subsystems] Discovering subsystems at path E:/PROGRAM_SETUP_WINDOWS/UNITY_EDITERS/2022.3.11f1/Editor/Data/Resources/UnitySubsystems
[Subsystems] Discovering subsystems at path E:/New Git App Gamers/Slash-Fruit/Assets
GfxDevice: creating device client; threaded=0; jobified=0
Direct3D:
    Version:  Direct3D 11.0 [level 11.1]
    Renderer: NVIDIA GeForce GTX 1660 (ID=0x2184)
    Vendor:   NVIDIA
    VRAM:     5966 MB
    Driver:   32.0.15.6038
Shader 'Custom/WaterFillEffect': fallback shader 'Transparent' not found
Initialize mono
Mono path[0] = 'E:/PROGRAM_SETUP_WINDOWS/UNITY_EDITERS/2022.3.11f1/Editor/Data/Managed'
Mono path[1] = 'E:/PROGRAM_SETUP_WINDOWS/UNITY_EDITERS/2022.3.11f1/Editor/Data/MonoBleedingEdge/lib/mono/unityjit-win32'
Mono config path = 'E:/PROGRAM_SETUP_WINDOWS/UNITY_EDITERS/2022.3.11f1/Editor/Data/MonoBleedingEdge/etc'
Using monoOptions --debugger-agent=transport=dt_socket,embedding=1,server=y,suspend=n,address=127.0.0.1:56284
Begin MonoManager ReloadAssembly
Registering precompiled unity dll's ...
Register platform support module: E:/PROGRAM_SETUP_WINDOWS/UNITY_EDITERS/2022.3.11f1/Editor/Data/PlaybackEngines/WebGLSupport/UnityEditor.WebGL.Extensions.dll
Register platform support module: E:/PROGRAM_SETUP_WINDOWS/UNITY_EDITERS/2022.3.11f1/Editor/Data/PlaybackEngines/AndroidPlayer/UnityEditor.Android.Extensions.dll
Register platform support module: E:/PROGRAM_SETUP_WINDOWS/UNITY_EDITERS/2022.3.11f1/Editor/Data/PlaybackEngines/iOSSupport/UnityEditor.iOS.Extensions.dll
Register platform support module: E:/PROGRAM_SETUP_WINDOWS/UNITY_EDITERS/2022.3.11f1/Editor/Data/PlaybackEngines/WindowsStandaloneSupport/UnityEditor.WindowsStandalone.Extensions.dll
Registered in 0.005382 seconds.
- Loaded All Assemblies, in  0.359 seconds
Native extension for WindowsStandalone target not found
[usbmuxd] Start listen thread
[usbmuxd] Listen thread started
Native extension for iOS target not found
Native extension for Android target not found
Android Extension - Scanning For ADB Devices 215 ms
Native extension for WebGL target not found
Mono: successfully reloaded assembly
- Finished resetting the current domain, in  0.502 seconds
Domain Reload Profiling: 861ms
	BeginReloadAssembly (115ms)
		ExecutionOrderSort (0ms)
		DisableScriptedObjects (0ms)
		BackupInstance (0ms)
		ReleaseScriptingObjects (0ms)
		CreateAndSetChildDomain (1ms)
	RebuildCommonClasses (34ms)
	RebuildNativeTypeToScriptingClass (10ms)
	initialDomainReloadingComplete (46ms)
	LoadAllAssembliesAndSetupDomain (153ms)
		LoadAssemblies (116ms)
		RebuildTransferFunctionScriptingTraits (0ms)
		AnalyzeDomain (149ms)
			TypeCache.Refresh (147ms)
				TypeCache.ScanAssembly (132ms)
			ScanForSourceGeneratedMonoScriptInfo (0ms)
			ResolveRequiredComponents (1ms)
	FinalizeReload (503ms)
		ReleaseScriptCaches (0ms)
		RebuildScriptCaches (0ms)
		SetupLoadedEditorAssemblies (448ms)
			LogAssemblyErrors (0ms)
			InitializePlatformSupportModulesInManaged (317ms)
			SetLoadedEditorAssemblies (3ms)
			RefreshPlugins (0ms)
			BeforeProcessingInitializeOnLoad (2ms)
			ProcessInitializeOnLoadAttributes (85ms)
			ProcessInitializeOnLoadMethodAttributes (40ms)
			AfterProcessingInitializeOnLoad (0ms)
			EditorAssembliesLoaded (0ms)
		ExecutionOrderSort2 (0ms)
		AwakeInstancesAfterBackupRestoration (0ms)
========================================================================
Worker process is ready to serve import requests
Begin MonoManager ReloadAssembly
- Loaded All Assemblies, in  0.740 seconds
Refreshing native plugins compatible for Editor in 6.15 ms, found 4 plugins.
Native extension for WindowsStandalone target not found
Native extension for iOS target not found
Native extension for Android target not found
Native extension for WebGL target not found
Package Manager log level set to [2]
[Package Manager] Server::EnsureServerProcessIsRunning -- launch failed, reason: Unity was launched with the -noUpm command-line argument
[Package Manager] UpmClient::Send -- Unable to send message (not connected to UPM process).
[Package Manager] Cannot connect to Unity Package Manager local server
Mono: successfully reloaded assembly
- Finished resetting the current domain, in  0.579 seconds
Domain Reload Profiling: 1318ms
	BeginReloadAssembly (159ms)
		ExecutionOrderSort (0ms)
		DisableScriptedObjects (5ms)
		BackupInstance (0ms)
		ReleaseScriptingObjects (0ms)
		CreateAndSetChildDomain (22ms)
	RebuildCommonClasses (32ms)
	RebuildNativeTypeToScriptingClass (10ms)
	initialDomainReloadingComplete (39ms)
	LoadAllAssembliesAndSetupDomain (499ms)
		LoadAssemblies (398ms)
		RebuildTransferFunctionScriptingTraits (0ms)
		AnalyzeDomain (204ms)
			TypeCache.Refresh (178ms)
				TypeCache.ScanAssembly (156ms)
			ScanForSourceGeneratedMonoScriptInfo (19ms)
			ResolveRequiredComponents (4ms)
	FinalizeReload (579ms)
		ReleaseScriptCaches (0ms)
		RebuildScriptCaches (0ms)
		SetupLoadedEditorAssemblies (419ms)
			LogAssemblyErrors (0ms)
			InitializePlatformSupportModulesInManaged (29ms)
			SetLoadedEditorAssemblies (3ms)
			RefreshPlugins (0ms)
			BeforeProcessingInitializeOnLoad (54ms)
			ProcessInitializeOnLoadAttributes (295ms)
			ProcessInitializeOnLoadMethodAttributes (36ms)
			AfterProcessingInitializeOnLoad (2ms)
			EditorAssembliesLoaded (0ms)
		ExecutionOrderSort2 (0ms)
		AwakeInstancesAfterBackupRestoration (7ms)
Shader 'Custom/WaterFillEffect': fallback shader 'Transparent' not found
Launched and connected shader compiler UnityShaderCompiler.exe after 0.05 seconds
Refreshing native plugins compatible for Editor in 8.35 ms, found 4 plugins.
Preloading 0 native plugins for Editor in 0.00 ms.
Unloading 4067 Unused Serialized files (Serialized files now loaded: 0)
Unloading 70 unused Assets / (61.6 KB). Loaded Objects now: 4540.
Memory consumption went from 150.5 MB to 150.4 MB.
Total: 5.377300 ms (FindLiveObjects: 0.457700 ms CreateObjectMapping: 0.141200 ms MarkObjects: 4.584000 ms  DeleteObjects: 0.192400 ms)

AssetImportParameters requested are different than current active one (requested -> active):
  custom:container-demuxer-ogg: 62fdf1f143b41e24485cea50d1cbac27 -> 
  custom:video-decoder-ogg-theora: a1e56fd34408186e4bbccfd4996cb3dc -> 
  custom:framework-win-MediaFoundation: 216162199b28c13a410421893ffa2e32 -> 
  custom:CustomObjectIndexerAttribute: 756ad292c208cfabdd7b50bc23989ffe -> 
  custom:container-demuxer-webm: 4f35f7cbe854078d1ac9338744f61a02 -> 
  custom:container-muxer-webm: aa71ff27fc2769a1b78a27578f13a17b -> 
  custom:video-decoder-webm-vp8: 9c59270c3fd7afecdb556c50c9e8de78 -> 
  custom:SearchIndexIgnoredProperties: e643bd26f0fe6173181afceb89e7c659 -> 
  custom:AudioImporter_EditorPlatform: d09bf68614088b80899f8185d706f6e7 -> 
  custom:video-encoder-webm-vp8: eb34c28f22e8b96e1ab97ce403110664 -> 
  custom:audio-decoder-ogg-vorbis: bf7c407c2cedff20999df2af8eb42d56 -> 
  custom:audio-encoder-webm-vorbis: bf7c407c2cedff20999df2af8eb42d56 -> 
========================================================================
Received Import Request.
  Time since last request: 355678.536665 seconds.
  path: Assets/Sprit/apple/full_apple.png
  artifactKey: Guid(ca71bcd8b9f0480479c8faac7f7b3025) Importer(815301076,1909f56bfc062723c751e8b465ee728b)
Start importing Assets/Sprit/apple/full_apple.png using Guid(ca71bcd8b9f0480479c8faac7f7b3025) Importer(815301076,1909f56bfc062723c751e8b465ee728b)  -> (artifact id: '83cbcd620627941276c4a2f35894b733') in 0.068310 seconds
Number of updated asset objects reloaded before import = 0
Number of asset objects unloaded after import = 3
========================================================================
Received Import Request.
  Time since last request: 8.249430 seconds.
  path: Assets/Sprit/kiwi/full_kiwi.png
  artifactKey: Guid(ebdd6b2a15005524a8b5e0f03146009b) Importer(815301076,1909f56bfc062723c751e8b465ee728b)
Start importing Assets/Sprit/kiwi/full_kiwi.png using Guid(ebdd6b2a15005524a8b5e0f03146009b) Importer(815301076,1909f56bfc062723c751e8b465ee728b)  -> (artifact id: '53ac5b550e53f36869e544dfc1209578') in 0.033372 seconds
Number of updated asset objects reloaded before import = 0
Number of asset objects unloaded after import = 3
========================================================================
Received Import Request.
  Time since last request: 14.425385 seconds.
  path: Assets/Sprit/kiwi/full_kiwi.png
  artifactKey: Guid(ebdd6b2a15005524a8b5e0f03146009b) Importer(815301076,1909f56bfc062723c751e8b465ee728b)
Start importing Assets/Sprit/kiwi/full_kiwi.png using Guid(ebdd6b2a15005524a8b5e0f03146009b) Importer(815301076,1909f56bfc062723c751e8b465ee728b)  -> (artifact id: '5e453d8c8132f3dda737cf376cd6cd95') in 0.018672 seconds
Number of updated asset objects reloaded before import = 0
Number of asset objects unloaded after import = 3
========================================================================
Received Import Request.
  Time since last request: 3.112742 seconds.
  path: Assets/Sprit/knife/knife_1.png
  artifactKey: Guid(f42b92c6354465c4eb1d529817937593) Importer(815301076,1909f56bfc062723c751e8b465ee728b)
Start importing Assets/Sprit/knife/knife_1.png using Guid(f42b92c6354465c4eb1d529817937593) Importer(815301076,1909f56bfc062723c751e8b465ee728b)  -> (artifact id: '4cd9661dcf08aa8d69da89099d64d75e') in 0.025690 seconds
Number of updated asset objects reloaded before import = 0
Number of asset objects unloaded after import = 3
========================================================================
Received Import Request.
  Time since last request: 0.000020 seconds.
  path: Assets/Sprit/knife/knife_5.png
  artifactKey: Guid(a56293e73c2373546b732708042b5c21) Importer(815301076,1909f56bfc062723c751e8b465ee728b)
Start importing Assets/Sprit/knife/knife_5.png using Guid(a56293e73c2373546b732708042b5c21) Importer(815301076,1909f56bfc062723c751e8b465ee728b)  -> (artifact id: '81c71168a85549edfa1d85a3439fbf09') in 0.024085 seconds
Number of updated asset objects reloaded before import = 0
Number of asset objects unloaded after import = 3
========================================================================
Received Import Request.
  Time since last request: 0.000027 seconds.
  path: Assets/Sprit/knife/knife_6.png
  artifactKey: Guid(1bef6ef00b1b4d14bac83a7062f84fab) Importer(815301076,1909f56bfc062723c751e8b465ee728b)
Start importing Assets/Sprit/knife/knife_6.png using Guid(1bef6ef00b1b4d14bac83a7062f84fab) Importer(815301076,1909f56bfc062723c751e8b465ee728b)  -> (artifact id: '4bd01aef61e0d9d0a351fd52cb20974b') in 0.019330 seconds
Number of updated asset objects reloaded before import = 0
Number of asset objects unloaded after import = 3
========================================================================
Received Import Request.
  Time since last request: 1.584479 seconds.
  path: Assets/Sprit/mango/full_mango.png
  artifactKey: Guid(07015d08c51ba2049a5612754f5d95c3) Importer(815301076,1909f56bfc062723c751e8b465ee728b)
Start importing Assets/Sprit/mango/full_mango.png using Guid(07015d08c51ba2049a5612754f5d95c3) Importer(815301076,1909f56bfc062723c751e8b465ee728b)  -> (artifact id: '3072d4e30fa75612fcab55e744ca037e') in 0.022217 seconds
Number of updated asset objects reloaded before import = 0
Number of asset objects unloaded after import = 3
========================================================================
Received Import Request.
  Time since last request: 6.784810 seconds.
  path: Assets/Sprit/lemon/full_lemon.png
  artifactKey: Guid(622f2b2e83169f449a454fcfcb429a06) Importer(815301076,1909f56bfc062723c751e8b465ee728b)
Start importing Assets/Sprit/lemon/full_lemon.png using Guid(622f2b2e83169f449a454fcfcb429a06) Importer(815301076,1909f56bfc062723c751e8b465ee728b)  -> (artifact id: '7c34e68f1acd9bae9a8ccc8eb432a9ab') in 0.028855 seconds
Number of updated asset objects reloaded before import = 0
Number of asset objects unloaded after import = 3
========================================================================
Received Import Request.
  Time since last request: 10.020467 seconds.
  path: Assets/Sprit/lemon/full_lemon.png
  artifactKey: Guid(622f2b2e83169f449a454fcfcb429a06) Importer(815301076,1909f56bfc062723c751e8b465ee728b)
Start importing Assets/Sprit/lemon/full_lemon.png using Guid(622f2b2e83169f449a454fcfcb429a06) Importer(815301076,1909f56bfc062723c751e8b465ee728b)  -> (artifact id: 'a3c9cb6255d7440db3f1dde5c7a37854') in 0.020070 seconds
Number of updated asset objects reloaded before import = 0
Number of asset objects unloaded after import = 3
========================================================================
Received Import Request.
  Time since last request: 35.090645 seconds.
  path: Assets/Sprit/mango/full_mango.png
  artifactKey: Guid(07015d08c51ba2049a5612754f5d95c3) Importer(815301076,1909f56bfc062723c751e8b465ee728b)
Start importing Assets/Sprit/mango/full_mango.png using Guid(07015d08c51ba2049a5612754f5d95c3) Importer(815301076,1909f56bfc062723c751e8b465ee728b)  -> (artifact id: '7f8322e81c87c810b1e7946ce9ff8fa7') in 0.020195 seconds
Number of updated asset objects reloaded before import = 0
Number of asset objects unloaded after import = 3
========================================================================
Received Import Request.
  Time since last request: 7.952474 seconds.
  path: Assets/Sprit/orange/full_orange.png
  artifactKey: Guid(963b5b790227e2d4e805e25d3cee2cef) Importer(815301076,1909f56bfc062723c751e8b465ee728b)
Start importing Assets/Sprit/orange/full_orange.png using Guid(963b5b790227e2d4e805e25d3cee2cef) Importer(815301076,1909f56bfc062723c751e8b465ee728b)  -> (artifact id: '12c6eed08eaf8c49eb05a35d28b9b5d3') in 0.033985 seconds
Number of updated asset objects reloaded before import = 0
Number of asset objects unloaded after import = 3
========================================================================
Received Import Request.
  Time since last request: 30.870450 seconds.
  path: Assets/Sprit/orange/full_orange.png
  artifactKey: Guid(963b5b790227e2d4e805e25d3cee2cef) Importer(815301076,1909f56bfc062723c751e8b465ee728b)
Start importing Assets/Sprit/orange/full_orange.png using Guid(963b5b790227e2d4e805e25d3cee2cef) Importer(815301076,1909f56bfc062723c751e8b465ee728b)  -> (artifact id: '096bf64ebd823d0bcc2b3ed2895643b2') in 0.019835 seconds
Number of updated asset objects reloaded before import = 0
Number of asset objects unloaded after import = 3
========================================================================
Received Import Request.
  Time since last request: 3.353653 seconds.
  path: Assets/Sprit/peach/full_peach.png
  artifactKey: Guid(c6b9781b889c40d49befb7585545eb7f) Importer(815301076,1909f56bfc062723c751e8b465ee728b)
Start importing Assets/Sprit/peach/full_peach.png using Guid(c6b9781b889c40d49befb7585545eb7f) Importer(815301076,1909f56bfc062723c751e8b465ee728b)  -> (artifact id: '236597c842a79ef469b428854d002923') in 0.023048 seconds
Number of updated asset objects reloaded before import = 0
Number of asset objects unloaded after import = 3
========================================================================
Received Import Request.
  Time since last request: 36.616183 seconds.
  path: Assets/Sprit/peach/full_peach.png
  artifactKey: Guid(c6b9781b889c40d49befb7585545eb7f) Importer(815301076,1909f56bfc062723c751e8b465ee728b)
Start importing Assets/Sprit/peach/full_peach.png using Guid(c6b9781b889c40d49befb7585545eb7f) Importer(815301076,1909f56bfc062723c751e8b465ee728b)  -> (artifact id: '9647023dbb362343725d955da6a1e223') in 0.019953 seconds
Number of updated asset objects reloaded before import = 0
Number of asset objects unloaded after import = 3
========================================================================
Received Import Request.
  Time since last request: 2.306896 seconds.
  path: Assets/Sprit/pear/full_pear.png
  artifactKey: Guid(019d8b5db59355a4294d196028ae63e4) Importer(815301076,1909f56bfc062723c751e8b465ee728b)
Start importing Assets/Sprit/pear/full_pear.png using Guid(019d8b5db59355a4294d196028ae63e4) Importer(815301076,1909f56bfc062723c751e8b465ee728b)  -> (artifact id: '02afc6fd98e1bcc3f2cfb0eec7de34ff') in 0.020993 seconds
Number of updated asset objects reloaded before import = 0
Number of asset objects unloaded after import = 3
========================================================================
Received Import Request.
  Time since last request: 24.089952 seconds.
  path: Assets/Sprit/pineapple/full_pineapple.png
  artifactKey: Guid(b1eeae2fb73c6c543a93e294f688a73c) Importer(815301076,1909f56bfc062723c751e8b465ee728b)
Start importing Assets/Sprit/pineapple/full_pineapple.png using Guid(b1eeae2fb73c6c543a93e294f688a73c) Importer(815301076,1909f56bfc062723c751e8b465ee728b)  -> (artifact id: '7f54c6c3e977474ff1a76bdea756bc0c') in 0.024181 seconds
Number of updated asset objects reloaded before import = 0
Number of asset objects unloaded after import = 3
========================================================================
Received Import Request.
  Time since last request: 28.973323 seconds.
  path: Assets/Sprit/pineapple/full_pineapple.png
  artifactKey: Guid(b1eeae2fb73c6c543a93e294f688a73c) Importer(815301076,1909f56bfc062723c751e8b465ee728b)
Start importing Assets/Sprit/pineapple/full_pineapple.png using Guid(b1eeae2fb73c6c543a93e294f688a73c) Importer(815301076,1909f56bfc062723c751e8b465ee728b)  -> (artifact id: '7ed5c7096032e613fd6b75d4ff8566bb') in 0.017564 seconds
Number of updated asset objects reloaded before import = 0
Number of asset objects unloaded after import = 3
========================================================================
Received Import Request.
  Time since last request: 3.998837 seconds.
  path: Assets/Sprit/shurikens/shurikens_1.png
  artifactKey: Guid(21666922dab6ed4429356983420c5e1a) Importer(815301076,1909f56bfc062723c751e8b465ee728b)
Start importing Assets/Sprit/shurikens/shurikens_1.png using Guid(21666922dab6ed4429356983420c5e1a) Importer(815301076,1909f56bfc062723c751e8b465ee728b)  -> (artifact id: 'ea8a57ede4bc45b665bfc170bfa06a03') in 0.027346 seconds
Number of updated asset objects reloaded before import = 0
Number of asset objects unloaded after import = 3
========================================================================
Received Import Request.
  Time since last request: 0.000031 seconds.
  path: Assets/Sprit/shurikens/shurikens_9.png
  artifactKey: Guid(95584f2d3d8661147be60da89b1f02fc) Importer(815301076,1909f56bfc062723c751e8b465ee728b)
Start importing Assets/Sprit/shurikens/shurikens_9.png using Guid(95584f2d3d8661147be60da89b1f02fc) Importer(815301076,1909f56bfc062723c751e8b465ee728b)  -> (artifact id: 'ffb8f745145d5bee2293979cfd55e283') in 0.029359 seconds
Number of updated asset objects reloaded before import = 0
Number of asset objects unloaded after import = 3
========================================================================
Received Import Request.
  Time since last request: 0.000024 seconds.
  path: Assets/Sprit/shurikens/shurikens_6.png
  artifactKey: Guid(8d030edead4b14a4d950d2abfaf72f07) Importer(815301076,1909f56bfc062723c751e8b465ee728b)
Start importing Assets/Sprit/shurikens/shurikens_6.png using Guid(8d030edead4b14a4d950d2abfaf72f07) Importer(815301076,1909f56bfc062723c751e8b465ee728b)  -> (artifact id: 'f9e9ecefb8e23c0cf12420bce16cd522') in 0.026502 seconds
Number of updated asset objects reloaded before import = 0
Number of asset objects unloaded after import = 3
========================================================================
Received Import Request.
  Time since last request: 0.000022 seconds.
  path: Assets/Sprit/shurikens/shurikens_10.png
  artifactKey: Guid(fcb28a0d0bcc81e498e94ff52f5634c1) Importer(815301076,1909f56bfc062723c751e8b465ee728b)
Start importing Assets/Sprit/shurikens/shurikens_10.png using Guid(fcb28a0d0bcc81e498e94ff52f5634c1) Importer(815301076,1909f56bfc062723c751e8b465ee728b)  -> (artifact id: '21fac96f7f5cea3da44b8c9456e1d07a') in 0.022555 seconds
Number of updated asset objects reloaded before import = 0
Number of asset objects unloaded after import = 3
========================================================================
Received Import Request.
  Time since last request: 1.002961 seconds.
  path: Assets/Sprit/strawberry/full_strawberry.png
  artifactKey: Guid(66914eb8baa86204788fa633c592ddc7) Importer(815301076,1909f56bfc062723c751e8b465ee728b)
Start importing Assets/Sprit/strawberry/full_strawberry.png using Guid(66914eb8baa86204788fa633c592ddc7) Importer(815301076,1909f56bfc062723c751e8b465ee728b)  -> (artifact id: 'c4c062f0c969ca2592753851c0fca526') in 0.024169 seconds
Number of updated asset objects reloaded before import = 0
Number of asset objects unloaded after import = 3
========================================================================
Received Import Request.
  Time since last request: 22.347772 seconds.
  path: Assets/Sprit/strawberry/half_strawberry.png
  artifactKey: Guid(5bb97efdcaf1e564787969bb6bef0f68) Importer(815301076,1909f56bfc062723c751e8b465ee728b)
Start importing Assets/Sprit/strawberry/half_strawberry.png using Guid(5bb97efdcaf1e564787969bb6bef0f68) Importer(815301076,1909f56bfc062723c751e8b465ee728b)  -> (artifact id: 'b8e465871e9c22a4335302b77fb181cf') in 0.018363 seconds
Number of updated asset objects reloaded before import = 0
Number of asset objects unloaded after import = 3
========================================================================
Received Import Request.
  Time since last request: 1.591480 seconds.
  path: Assets/Sprit/watermelon/half_watermelon.png
  artifactKey: Guid(2777e387aa09b3546bbbf8708ac81e71) Importer(815301076,1909f56bfc062723c751e8b465ee728b)
Start importing Assets/Sprit/watermelon/half_watermelon.png using Guid(2777e387aa09b3546bbbf8708ac81e71) Importer(815301076,1909f56bfc062723c751e8b465ee728b)  -> (artifact id: 'e4e2c02056948c27436a5abb472ebe21') in 0.020751 seconds
Number of updated asset objects reloaded before import = 0
Number of asset objects unloaded after import = 3
========================================================================
Received Import Request.
  Time since last request: 13.930823 seconds.
  path: Assets/Sprit/watermelon/half_watermelon.png
  artifactKey: Guid(2777e387aa09b3546bbbf8708ac81e71) Importer(815301076,1909f56bfc062723c751e8b465ee728b)
Start importing Assets/Sprit/watermelon/half_watermelon.png using Guid(2777e387aa09b3546bbbf8708ac81e71) Importer(815301076,1909f56bfc062723c751e8b465ee728b)  -> (artifact id: 'e785cbebe1523045d7059ecda5458c20') in 0.018558 seconds
Number of updated asset objects reloaded before import = 0
Number of asset objects unloaded after import = 3
========================================================================
Received Prepare
Begin MonoManager ReloadAssembly
- Loaded All Assemblies, in  0.629 seconds
Refreshing native plugins compatible for Editor in 7.65 ms, found 4 plugins.
Native extension for WindowsStandalone target not found
Native extension for iOS target not found
Native extension for Android target not found
Native extension for WebGL target not found
[Package Manager] Server::EnsureServerProcessIsRunning -- launch failed, reason: Unity was launched with the -noUpm command-line argument
[Package Manager] UpmClient::Send -- Unable to send message (not connected to UPM process).
[Package Manager] Cannot connect to Unity Package Manager local server
Mono: successfully reloaded assembly
- Finished resetting the current domain, in  1.159 seconds
Domain Reload Profiling: 1789ms
	BeginReloadAssembly (205ms)
		ExecutionOrderSort (0ms)
		DisableScriptedObjects (12ms)
		BackupInstance (0ms)
		ReleaseScriptingObjects (0ms)
		CreateAndSetChildDomain (45ms)
	RebuildCommonClasses (38ms)
	RebuildNativeTypeToScriptingClass (11ms)
	initialDomainReloadingComplete (29ms)
	LoadAllAssembliesAndSetupDomain (345ms)
		LoadAssemblies (442ms)
		RebuildTransferFunctionScriptingTraits (0ms)
		AnalyzeDomain (22ms)
			TypeCache.Refresh (14ms)
				TypeCache.ScanAssembly (0ms)
			ScanForSourceGeneratedMonoScriptInfo (0ms)
			ResolveRequiredComponents (5ms)
	FinalizeReload (1160ms)
		ReleaseScriptCaches (0ms)
		RebuildScriptCaches (0ms)
		SetupLoadedEditorAssemblies (438ms)
			LogAssemblyErrors (0ms)
			InitializePlatformSupportModulesInManaged (37ms)
			SetLoadedEditorAssemblies (4ms)
			RefreshPlugins (0ms)
			BeforeProcessingInitializeOnLoad (62ms)
			ProcessInitializeOnLoadAttributes (296ms)
			ProcessInitializeOnLoadMethodAttributes (36ms)
			AfterProcessingInitializeOnLoad (3ms)
			EditorAssembliesLoaded (0ms)
		ExecutionOrderSort2 (0ms)
		AwakeInstancesAfterBackupRestoration (18ms)
Shader 'Custom/WaterFillEffect': fallback shader 'Transparent' not found
Refreshing native plugins compatible for Editor in 6.67 ms, found 4 plugins.
Preloading 0 native plugins for Editor in 0.00 ms.
Unloading 4053 Unused Serialized files (Serialized files now loaded: 0)
Unloading 42 unused Assets / (36.8 KB). Loaded Objects now: 4570.
Memory consumption went from 148.1 MB to 148.1 MB.
Total: 4.435100 ms (FindLiveObjects: 0.481100 ms CreateObjectMapping: 0.131300 ms MarkObjects: 3.680000 ms  DeleteObjects: 0.141100 ms)

Prepare: number of updated asset objects reloaded= 0
AssetImportParameters requested are different than current active one (requested -> active):
  custom:container-demuxer-ogg: 62fdf1f143b41e24485cea50d1cbac27 -> 
  custom:video-decoder-ogg-theora: a1e56fd34408186e4bbccfd4996cb3dc -> 
  custom:framework-win-MediaFoundation: 216162199b28c13a410421893ffa2e32 -> 
  custom:CustomObjectIndexerAttribute: 756ad292c208cfabdd7b50bc23989ffe -> 
  custom:container-demuxer-webm: 4f35f7cbe854078d1ac9338744f61a02 -> 
  custom:container-muxer-webm: aa71ff27fc2769a1b78a27578f13a17b -> 
  custom:video-decoder-webm-vp8: 9c59270c3fd7afecdb556c50c9e8de78 -> 
  custom:SearchIndexIgnoredProperties: e643bd26f0fe6173181afceb89e7c659 -> 
  custom:AudioImporter_EditorPlatform: d09bf68614088b80899f8185d706f6e7 -> 
  custom:video-encoder-webm-vp8: eb34c28f22e8b96e1ab97ce403110664 -> 
  custom:audio-decoder-ogg-vorbis: bf7c407c2cedff20999df2af8eb42d56 -> 
  custom:audio-encoder-webm-vorbis: bf7c407c2cedff20999df2af8eb42d56 -> 
